SF:lib/controller/get/auth_controller.dart
DA:14,11
DA:17,0
DA:21,12
DA:29,11
DA:30,11
DA:31,33
DA:32,11
DA:33,55
DA:36,11
DA:37,11
DA:38,0
DA:39,0
DA:40,0
DA:44,0
DA:45,0
DA:47,0
DA:49,0
DA:51,0
DA:52,0
DA:53,0
DA:54,0
DA:56,0
DA:57,0
DA:60,0
DA:61,0
DA:65,0
DA:66,0
DA:68,0
DA:69,0
DA:70,0
DA:71,0
DA:74,0
DA:75,0
DA:76,0
DA:78,0
DA:82,0
DA:87,0
DA:89,0
DA:91,0
DA:95,0
DA:99,0
DA:100,0
DA:101,0
DA:106,0
DA:113,0
DA:114,0
DA:118,0
DA:119,0
DA:120,0
DA:121,0
LF:50
LH:9
end_of_record
SF:lib/controller/get/base_controller.dart
DA:26,3
DA:27,3
DA:29,6
DA:30,3
DA:32,6
DA:33,3
DA:35,0
DA:36,0
DA:38,3
DA:40,1
DA:41,2
DA:42,1
DA:45,1
DA:46,2
DA:47,1
DA:48,4
DA:49,0
DA:50,0
DA:54,0
DA:55,0
DA:57,1
DA:58,3
DA:59,0
DA:61,0
DA:63,0
DA:66,0
DA:67,0
DA:69,0
DA:71,0
DA:72,0
DA:75,0
DA:76,0
DA:77,0
DA:80,0
DA:81,0
DA:82,0
DA:86,0
DA:87,0
DA:88,0
DA:90,0
DA:93,0
DA:94,0
DA:95,0
DA:96,0
DA:98,0
DA:99,0
DA:100,0
DA:101,0
DA:102,0
DA:103,0
DA:106,0
DA:110,0
DA:111,0
DA:112,0
DA:113,0
DA:115,0
DA:116,0
DA:117,0
DA:118,0
DA:119,0
DA:120,0
DA:123,0
DA:127,0
DA:128,0
DA:129,0
DA:131,0
DA:132,0
DA:135,0
DA:139,0
DA:140,0
DA:141,0
DA:143,0
DA:144,0
DA:147,0
DA:153,0
DA:154,0
DA:157,0
DA:159,0
DA:165,0
DA:167,0
DA:173,0
DA:174,0
DA:175,0
DA:178,0
DA:179,0
DA:180,0
DA:183,0
DA:185,0
DA:186,0
DA:188,0
DA:191,0
DA:192,0
DA:193,0
DA:194,0
DA:196,0
DA:197,0
DA:198,0
DA:199,0
DA:200,0
DA:203,0
DA:206,0
DA:209,0
DA:210,0
DA:211,0
DA:212,0
DA:215,0
DA:216,0
DA:217,0
DA:218,0
DA:219,0
LF:110
LH:16
end_of_record
SF:lib/controller/get/customer_controller.dart
DA:11,6
DA:13,6
DA:17,6
DA:19,0
DA:20,0
DA:21,0
DA:23,0
DA:24,0
DA:25,0
DA:27,0
DA:28,0
DA:29,0
DA:30,0
DA:31,0
DA:32,0
DA:34,0
DA:38,0
DA:39,0
DA:43,1
DA:44,2
DA:45,5
DA:46,5
DA:47,1
DA:48,2
DA:51,1
DA:53,5
DA:59,1
DA:60,1
DA:61,3
DA:62,3
DA:63,1
DA:64,3
DA:65,1
DA:66,0
DA:69,2
DA:70,1
DA:71,1
DA:72,0
DA:73,0
DA:75,1
DA:77,1
DA:80,0
DA:81,0
DA:85,0
DA:87,0
DA:88,0
DA:89,0
DA:92,0
DA:96,2
DA:98,6
DA:99,2
DA:100,0
DA:102,2
DA:105,0
DA:107,0
DA:108,0
LF:56
LH:27
end_of_record
SF:lib/models/company_models.dart
DA:7,19
DA:10,1
DA:12,1
DA:14,0
DA:19,0
DA:21,0
DA:23,0
DA:28,0
DA:30,0
DA:32,0
DA:40,3
DA:57,1
DA:58,1
DA:60,1
DA:61,1
DA:62,2
DA:63,1
DA:64,1
DA:67,0
LF:19
LH:11
end_of_record
SF:lib/models/company_models.g.dart
DA:9,2
DA:10,2
DA:11,2
DA:12,2
DA:13,2
DA:14,1
DA:15,4
DA:16,1
DA:17,4
DA:18,2
DA:19,2
DA:20,2
DA:21,2
DA:22,1
DA:23,1
DA:24,0
DA:25,3
DA:27,2
DA:29,2
DA:31,0
DA:32,0
DA:33,0
DA:34,0
DA:35,0
DA:36,0
DA:37,0
DA:38,0
DA:39,0
DA:40,0
DA:41,0
DA:42,0
DA:43,0
DA:44,0
LF:33
LH:18
end_of_record
SF:lib/models/customer_models.g.dart
DA:9,2
DA:10,2
DA:11,2
DA:12,2
DA:14,4
DA:16,4
DA:18,4
DA:19,4
DA:20,4
DA:21,4
DA:22,4
DA:23,4
DA:24,2
DA:25,0
DA:26,4
DA:27,1
DA:28,1
DA:29,1
DA:31,1
DA:32,1
DA:33,1
DA:36,1
DA:38,1
DA:42,2
DA:43,2
DA:44,2
DA:45,2
DA:46,2
DA:47,2
DA:48,2
DA:49,2
DA:50,2
DA:54,0
DA:55,0
DA:56,0
DA:57,0
DA:58,0
DA:61,0
DA:62,0
DA:63,0
DA:66,0
DA:68,0
DA:72,0
DA:73,0
DA:77,10
DA:78,5
DA:79,5
DA:80,5
DA:81,5
DA:82,5
DA:83,5
DA:85,15
DA:86,15
DA:88,1
DA:89,1
DA:90,1
DA:91,1
DA:92,1
DA:93,1
DA:94,1
DA:95,1
DA:96,1
DA:97,1
DA:100,1
DA:101,1
DA:102,1
DA:103,1
DA:104,1
DA:105,1
DA:106,1
DA:107,1
DA:108,0
DA:109,0
DA:110,1
DA:113,0
DA:114,0
DA:115,0
DA:116,0
DA:117,0
DA:118,0
DA:119,0
DA:120,0
DA:130,0
DA:131,0
DA:132,0
DA:133,0
DA:134,0
DA:135,0
DA:136,0
DA:137,0
DA:138,0
DA:139,0
DA:140,0
DA:142,0
DA:143,0
DA:144,0
DA:145,0
DA:146,0
DA:147,0
DA:148,0
DA:149,0
DA:150,0
DA:151,0
DA:152,0
LF:104
LH:59
end_of_record
SF:lib/models/customer_models.dart
DA:8,2
DA:29,2
DA:30,2
DA:31,2
DA:32,2
DA:33,4
DA:34,4
DA:35,2
DA:36,6
DA:37,2
DA:38,2
DA:41,2
DA:42,2
DA:44,2
DA:49,0
DA:56,0
DA:57,0
DA:58,0
DA:59,0
DA:60,0
DA:63,0
DA:64,0
DA:66,0
DA:71,6
DA:91,10
DA:93,2
DA:94,2
DA:95,6
DA:100,15
DA:102,5
DA:103,5
DA:105,2
DA:110,1
DA:125,4
DA:128,1
DA:129,1
DA:131,0
DA:136,0
DA:149,0
DA:150,0
DA:152,0
LF:41
LH:27
end_of_record
SF:lib/models/job_models.dart
DA:8,2
DA:25,0
DA:27,0
DA:28,0
DA:42,2
DA:43,2
DA:44,2
DA:45,6
DA:46,2
DA:47,8
DA:48,2
DA:49,2
DA:52,2
DA:53,2
DA:55,2
DA:60,1
DA:100,0
DA:101,0
DA:102,0
DA:103,0
DA:104,0
DA:105,0
DA:106,0
DA:107,0
DA:108,0
DA:109,0
DA:110,0
DA:111,0
DA:112,0
DA:113,0
DA:114,0
DA:117,1
DA:118,1
DA:120,0
DA:125,1
DA:146,3
DA:147,0
DA:148,0
DA:149,0
DA:150,0
DA:153,1
DA:154,1
DA:156,0
LF:43
LH:19
end_of_record
SF:lib/models/job_models.g.dart
DA:9,4
DA:10,2
DA:11,2
DA:12,2
DA:13,2
DA:14,2
DA:16,4
DA:17,4
DA:18,4
DA:19,4
DA:20,4
DA:21,4
DA:22,2
DA:23,0
DA:24,4
DA:25,4
DA:26,2
DA:27,0
DA:28,4
DA:30,1
DA:31,1
DA:33,1
DA:35,1
DA:39,2
DA:40,2
DA:41,2
DA:42,2
DA:43,2
DA:44,2
DA:45,2
DA:46,2
DA:47,2
DA:48,2
DA:49,2
DA:50,2
DA:54,1
DA:55,1
DA:56,1
DA:57,1
DA:58,2
DA:59,2
DA:60,2
DA:61,1
DA:62,1
DA:63,1
DA:64,1
DA:65,1
DA:66,2
DA:67,1
DA:68,1
DA:71,0
DA:72,0
DA:74,0
DA:76,0
DA:80,0
DA:81,0
DA:82,0
DA:83,0
DA:84,0
DA:85,0
DA:86,0
DA:87,0
DA:88,0
DA:89,0
DA:90,0
DA:91,0
DA:92,0
DA:96,1
DA:97,1
DA:98,1
DA:99,1
DA:100,1
DA:101,1
DA:102,1
DA:103,1
DA:105,0
DA:106,1
DA:107,1
DA:108,1
DA:111,0
DA:112,0
DA:113,0
DA:114,0
DA:115,0
DA:116,0
DA:117,0
DA:118,0
DA:119,0
DA:120,0
DA:121,0
LF:90
LH:59
end_of_record
SF:lib/models/user_models.dart
DA:7,12
DA:20,16
DA:21,4
DA:23,17
DA:29,1
DA:30,1
DA:31,2
DA:32,1
DA:33,1
DA:36,1
DA:37,1
DA:39,2
DA:44,0
DA:51,0
DA:52,0
DA:54,0
DA:55,0
DA:57,0
DA:58,0
DA:59,0
DA:61,0
DA:64,0
DA:65,0
DA:67,0
DA:69,0
DA:74,0
LF:26
LH:12
end_of_record
SF:lib/models/user_models.g.dart
DA:9,2
DA:10,2
DA:11,2
DA:12,2
DA:13,2
DA:14,2
DA:15,2
DA:16,2
DA:17,2
DA:18,0
DA:19,0
DA:20,1
DA:21,1
DA:22,1
DA:23,1
DA:24,2
DA:26,2
DA:28,2
DA:29,1
DA:30,1
DA:31,1
DA:32,1
DA:33,1
DA:34,1
DA:35,1
DA:36,1
DA:37,1
DA:38,1
DA:41,0
DA:42,0
DA:43,0
DA:44,0
DA:45,0
DA:47,0
DA:49,0
DA:50,0
DA:51,0
DA:52,0
DA:53,0
DA:54,0
LF:40
LH:26
end_of_record
SF:lib/common/app_nav_button.dart
DA:6,0
DA:20,0
DA:35,0
DA:37,0
DA:39,0
DA:40,0
DA:42,0
DA:43,0
DA:44,0
DA:45,0
DA:49,0
DA:50,0
DA:51,0
DA:53,0
DA:54,0
DA:55,0
DA:59,0
DA:60,0
DA:61,0
DA:62,0
LF:20
LH:0
end_of_record
SF:lib/controller/api/api_manager.dart
DA:13,0
DA:15,0
DA:16,0
DA:18,0
DA:21,0
DA:25,0
DA:27,0
DA:28,0
DA:30,0
DA:34,0
DA:35,0
DA:39,0
DA:40,0
DA:41,0
DA:45,0
DA:46,0
LF:16
LH:0
end_of_record
SF:lib/controller/constant/constants.dart
DA:9,3
DA:20,0
LF:2
LH:1
end_of_record
SF:lib/controller/api/api_service.dart
DA:8,0
DA:9,0
DA:11,0
DA:12,0
DA:13,0
DA:18,0
LF:6
LH:0
end_of_record
SF:lib/controller/api/baseClient.dart
DA:6,19
DA:11,0
DA:17,0
DA:26,0
DA:32,0
DA:41,0
DA:47,0
DA:56,0
DA:62,0
DA:68,0
DA:69,0
DA:70,0
DA:71,0
DA:72,0
DA:77,0
DA:82,0
DA:90,0
DA:95,0
DA:103,0
DA:109,0
DA:118,0
DA:125,0
DA:135,0
DA:141,0
DA:150,0
DA:156,0
DA:165,0
DA:171,0
DA:180,0
DA:186,0
DA:195,0
DA:201,0
DA:210,0
DA:216,0
DA:225,0
DA:236,0
DA:245,0
DA:246,0
DA:249,0
DA:254,0
DA:255,0
DA:259,0
DA:264,0
DA:265,0
DA:268,0
DA:273,0
DA:274,0
DA:277,0
DA:283,0
DA:284,0
DA:285,0
DA:300,0
DA:301,0
DA:302,0
DA:309,0
DA:318,0
DA:319,0
DA:321,0
DA:322,0
DA:325,0
DA:330,0
DA:331,0
DA:335,0
DA:337,0
DA:338,0
DA:343,0
DA:344,0
DA:348,0
DA:353,0
DA:354,0
DA:358,0
DA:363,0
DA:364,0
DA:368,0
DA:373,0
DA:374,0
DA:378,0
DA:384,0
DA:385,0
DA:386,0
DA:388,0
DA:389,0
LF:82
LH:1
end_of_record
SF:lib/controller/constant/countries.dart
DA:4,0
DA:9,0
DA:15,0
DA:264,0
DA:266,0
LF:5
LH:0
end_of_record
SF:lib/controller/enum/enum_ex.dart
DA:5,0
DA:7,0
DA:9,0
DA:11,0
DA:13,0
DA:20,0
DA:22,0
DA:24,0
DA:26,0
DA:28,0
DA:30,0
DA:32,0
DA:37,0
DA:39,0
DA:41,0
DA:43,0
DA:45,0
DA:47,0
DA:49,0
DA:56,0
DA:57,0
DA:60,0
DA:62,0
DA:64,0
DA:66,0
DA:68,0
LF:26
LH:0
end_of_record
SF:lib/controller/enum/enums.dart
DA:3,19
DA:9,19
DA:16,19
DA:25,19
LF:4
LH:4
end_of_record
SF:lib/controller/extension/decoration.dart
DA:5,0
DA:9,0
DA:11,0
DA:12,0
DA:16,0
DA:24,0
DA:27,0
DA:28,0
DA:29,0
LF:9
LH:0
end_of_record
SF:lib/controller/extension/extensions.dart
DA:5,0
DA:6,0
DA:7,0
DA:8,0
DA:11,0
DA:12,0
DA:15,0
DA:16,0
DA:19,0
DA:20,0
DA:21,0
DA:24,0
DA:25,0
DA:26,0
DA:27,0
DA:28,0
DA:29,0
DA:31,0
DA:34,0
DA:38,0
DA:40,0
DA:42,0
DA:44,0
DA:46,0
DA:47,0
DA:48,0
DA:49,0
DA:50,0
DA:51,0
DA:52,0
DA:54,0
DA:55,0
DA:56,0
DA:57,0
LF:34
LH:0
end_of_record
SF:lib/controller/page_navigation/navigation_controller.dart
DA:6,16
DA:7,8
DA:8,8
DA:9,8
DA:11,8
DA:17,0
DA:18,0
DA:19,0
DA:21,0
DA:22,0
DA:26,0
DA:27,0
DA:28,0
DA:32,1
DA:33,1
DA:34,2
DA:36,0
DA:37,0
LF:18
LH:8
end_of_record
SF:lib/ui/widget/appbar/sub_app_bar.dart
DA:18,0
DA:28,0
DA:30,0
DA:33,0
DA:35,0
DA:38,0
DA:39,0
DA:40,0
DA:41,0
DA:42,0
DA:46,0
DA:47,0
DA:48,0
DA:49,0
DA:51,0
DA:55,0
DA:61,0
DA:62,0
DA:63,0
LF:19
LH:0
end_of_record
SF:lib/ui/widget/appbar_action.dart
DA:7,0
DA:9,0
DA:11,0
DA:13,0
DA:14,0
DA:15,0
LF:6
LH:0
end_of_record
SF:lib/ui/widget/buttons/text_button.dart
DA:5,0
DA:13,0
DA:22,0
DA:24,0
DA:25,0
DA:26,0
DA:27,0
DA:28,0
DA:29,0
DA:30,0
DA:31,0
DA:32,0
DA:33,0
LF:13
LH:0
end_of_record
SF:lib/ui/widget/cell/grid/dashboard.dart
DA:6,0
DA:18,0
DA:20,0
DA:22,0
DA:23,0
DA:25,0
DA:26,0
DA:27,0
DA:29,0
DA:31,0
DA:33,0
DA:34,0
DA:36,0
DA:37,0
DA:38,0
DA:39,0
DA:40,0
DA:44,0
DA:45,0
DA:46,0
DA:54,0
DA:57,0
DA:58,0
DA:59,0
DA:67,0
DA:68,0
DA:80,0
DA:81,0
DA:85,0
DA:86,0
DA:89,0
DA:90,0
DA:100,0
DA:102,0
DA:103,0
DA:104,0
DA:106,0
DA:107,0
DA:108,0
DA:116,0
DA:117,0
DA:119,0
DA:120,0
DA:121,0
LF:44
LH:0
end_of_record
SF:lib/ui/widget/dialog/confirmation.dart
DA:6,0
DA:7,0
DA:10,0
DA:11,0
DA:12,0
DA:20,0
DA:21,0
DA:23,0
DA:30,0
DA:31,0
DA:33,0
DA:35,0
DA:42,0
DA:43,0
LF:14
LH:0
end_of_record
SF:lib/ui/widget/dialog/popup/camera_option.dart
DA:8,0
DA:21,0
DA:23,0
DA:24,0
DA:25,0
DA:26,0
DA:27,0
DA:28,0
DA:29,0
DA:32,0
DA:33,0
DA:34,0
DA:35,0
DA:36,0
DA:40,0
DA:41,0
DA:43,0
DA:44,0
DA:51,0
DA:53,0
DA:54,0
DA:57,0
LF:22
LH:0
end_of_record
SF:lib/ui/widget/dialog/warning_dialog.dart
DA:7,0
DA:8,0
DA:12,0
DA:13,0
DA:16,0
DA:19,0
DA:20,0
DA:28,0
LF:8
LH:0
end_of_record
SF:lib/ui/widget/droup_down.dart
DA:7,0
DA:9,0
DA:11,0
DA:12,0
DA:14,0
DA:15,0
LF:6
LH:0
end_of_record
SF:lib/ui/widget/switch_button.dart
DA:10,0
DA:15,0
DA:17,0
DA:19,0
DA:23,0
DA:24,0
DA:32,0
DA:35,0
DA:38,0
DA:39,0
DA:41,0
LF:11
LH:0
end_of_record
SF:lib/ui/widget/text_field.dart
DA:8,0
DA:10,0
DA:12,0
DA:14,0
DA:15,0
DA:16,0
DA:17,0
DA:20,0
DA:24,0
DA:25,0
DA:26,0
DA:28,0
DA:29,0
DA:30,0
LF:14
LH:0
end_of_record
SF:lib/controller/constant/validators.dart
DA:2,5
DA:3,5
DA:5,5
DA:9,1
DA:10,2
DA:14,1
DA:15,1
LF:7
LH:7
end_of_record
SF:lib/common/app_add_button.dart
DA:11,2
DA:13,1
DA:15,1
DA:16,1
DA:18,1
DA:21,1
DA:22,1
DA:23,1
DA:25,1
DA:27,1
DA:28,3
DA:30,3
LF:12
LH:12
end_of_record
SF:lib/controller/utils.dart
DA:6,0
DA:7,0
DA:8,0
DA:10,0
DA:14,0
DA:15,0
DA:16,0
DA:17,0
DA:18,0
DA:22,2
DA:23,2
LF:11
LH:2
end_of_record
SF:lib/common/app_add_note.dart
DA:10,13
DA:14,0
DA:16,0
DA:17,0
DA:25,0
DA:27,0
DA:29,0
DA:30,0
DA:31,0
DA:32,0
DA:36,0
DA:38,0
DA:39,0
DA:42,0
DA:44,0
DA:46,0
DA:47,0
DA:48,0
DA:49,0
DA:51,0
DA:52,0
DA:55,0
DA:56,0
DA:57,0
DA:61,0
DA:62,0
DA:69,0
DA:70,0
DA:71,0
DA:74,0
DA:75,0
DA:76,0
DA:81,0
DA:82,0
DA:83,0
DA:84,0
DA:85,0
DA:88,0
DA:94,0
DA:95,0
DA:96,0
DA:97,0
DA:98,0
DA:99,0
DA:100,0
DA:101,0
DA:102,0
DA:106,0
DA:108,0
DA:109,0
DA:110,0
DA:116,0
DA:117,0
DA:118,0
DA:119,0
DA:125,0
DA:126,0
DA:127,0
DA:128,0
DA:129,0
DA:130,0
DA:131,0
LF:62
LH:1
end_of_record
SF:lib/common/app_advanced_textfield.dart
DA:8,0
DA:28,0
DA:49,0
DA:58,0
DA:60,0
DA:61,0
DA:62,0
DA:66,0
DA:67,0
DA:68,0
DA:69,0
DA:72,0
DA:73,0
DA:74,0
DA:77,0
DA:78,0
DA:84,0
DA:85,0
DA:86,0
DA:90,0
DA:93,0
DA:96,0
DA:97,0
DA:98,0
DA:99,0
DA:100,0
DA:104,0
DA:105,0
DA:106,0
DA:107,0
DA:110,0
DA:111,0
DA:113,0
DA:114,0
DA:115,0
DA:116,0
DA:117,0
DA:121,0
DA:122,0
DA:123,0
DA:124,0
DA:125,0
DA:129,0
DA:130,0
DA:134,0
DA:136,0
DA:137,0
DA:138,0
DA:143,0
DA:145,0
DA:147,0
DA:148,0
DA:158,0
DA:159,0
DA:162,0
DA:164,0
DA:168,0
DA:182,0
DA:183,0
DA:186,0
DA:189,0
DA:190,0
DA:191,0
DA:196,0
DA:197,0
DA:200,0
DA:203,0
DA:204,0
DA:205,0
DA:210,0
DA:211,0
DA:214,0
DA:217,0
DA:222,0
DA:223,0
DA:235,0
DA:237,0
DA:242,0
DA:244,0
DA:246,0
DA:247,0
DA:250,0
DA:252,0
DA:253,0
DA:254,0
DA:255,0
DA:256,0
DA:257,0
DA:258,0
LF:89
LH:0
end_of_record
SF:lib/common/app_avatar.dart
DA:15,4
DA:23,4
DA:25,4
DA:27,4
DA:28,4
DA:29,4
DA:31,4
DA:34,4
DA:35,8
DA:36,4
DA:37,4
DA:38,4
DA:39,4
DA:40,0
DA:41,0
DA:42,0
DA:43,0
DA:45,4
DA:46,0
DA:50,0
DA:51,0
DA:52,0
DA:53,0
DA:55,0
DA:61,0
DA:62,0
DA:63,0
DA:64,0
DA:71,0
DA:72,0
DA:75,8
DA:76,9
DA:77,4
DA:80,8
LF:34
LH:18
end_of_record
SF:lib/common/app_image.dart
DA:13,13
DA:20,0
DA:22,0
DA:24,0
DA:25,0
DA:26,0
DA:27,0
DA:28,0
DA:29,0
DA:32,0
DA:33,0
LF:11
LH:1
end_of_record
SF:lib/common/app_billing_lines.dart
DA:19,0
DA:26,0
DA:30,0
DA:31,0
DA:33,0
DA:35,0
DA:37,0
DA:38,0
DA:44,0
DA:45,0
DA:46,0
DA:47,0
DA:48,0
DA:50,0
DA:51,0
DA:52,0
DA:53,0
DA:54,0
DA:56,0
DA:57,0
DA:60,0
DA:61,0
DA:65,0
DA:66,0
DA:67,0
DA:70,0
DA:71,0
DA:73,0
DA:74,0
DA:75,0
DA:76,0
DA:78,0
DA:79,0
DA:80,0
DA:81,0
DA:82,0
DA:83,0
DA:86,0
DA:91,0
DA:96,0
DA:97,0
DA:99,0
DA:101,0
DA:102,0
DA:103,0
DA:109,0
DA:110,0
DA:112,0
DA:114,0
DA:116,0
DA:127,0
DA:128,0
DA:131,0
DA:132,0
DA:133,0
DA:134,0
DA:136,0
DA:137,0
DA:140,0
DA:141,0
DA:142,0
DA:153,0
DA:154,0
DA:156,0
DA:159,0
DA:160,0
DA:161,0
DA:162,0
DA:168,0
DA:169,0
DA:171,0
DA:172,0
DA:173,0
DA:174,0
DA:180,0
DA:181,0
DA:182,0
DA:184,0
DA:185,0
DA:186,0
DA:187,0
DA:193,0
DA:194,0
DA:201,0
DA:202,0
DA:205,0
DA:206,0
DA:207,0
DA:210,0
DA:213,0
DA:214,0
DA:215,0
DA:219,0
DA:222,0
DA:223,0
DA:224,0
LF:96
LH:0
end_of_record
SF:lib/ui/page/job/controllers/line_item_controller.dart
DA:14,0
DA:16,0
DA:17,0
DA:18,0
DA:21,0
DA:23,0
DA:24,0
DA:25,0
DA:26,0
DA:27,0
DA:28,0
DA:29,0
DA:30,0
DA:32,0
DA:34,0
DA:37,0
DA:41,0
DA:43,0
DA:44,0
DA:45,0
DA:46,0
DA:47,0
DA:50,0
DA:54,0
DA:55,0
DA:58,0
DA:59,0
DA:60,0
DA:61,0
DA:62,0
DA:66,0
LF:31
LH:0
end_of_record
SF:lib/ui/page/job/job_add_new_line.dart
DA:22,0
DA:31,0
DA:33,0
DA:34,0
DA:57,0
DA:60,0
DA:61,0
DA:62,0
DA:63,0
DA:64,0
DA:65,0
DA:66,0
DA:67,0
DA:68,0
DA:69,0
DA:70,0
DA:72,0
DA:75,0
DA:76,0
DA:78,0
DA:81,0
DA:82,0
DA:85,0
DA:87,0
DA:88,0
DA:89,0
DA:90,0
DA:91,0
DA:92,0
DA:93,0
DA:94,0
DA:97,0
DA:99,0
DA:102,0
DA:103,0
DA:106,0
DA:107,0
DA:110,0
DA:111,0
DA:114,0
DA:115,0
DA:118,0
DA:119,0
DA:120,0
DA:121,0
DA:122,0
DA:123,0
DA:124,0
DA:128,0
DA:130,0
DA:131,0
DA:134,0
DA:135,0
DA:136,0
DA:137,0
DA:138,0
DA:139,0
DA:140,0
DA:143,0
DA:144,0
DA:145,0
DA:146,0
DA:147,0
DA:148,0
DA:152,0
DA:154,0
DA:155,0
DA:156,0
DA:157,0
DA:158,0
DA:159,0
DA:160,0
DA:161,0
DA:162,0
DA:163,0
DA:165,0
DA:166,0
DA:167,0
DA:172,0
DA:173,0
DA:176,0
DA:177,0
DA:181,0
DA:184,0
DA:185,0
DA:186,0
DA:187,0
DA:194,0
DA:195,0
DA:196,0
DA:197,0
DA:198,0
DA:199,0
DA:200,0
DA:201,0
DA:202,0
DA:203,0
DA:204,0
DA:208,0
DA:212,0
DA:213,0
DA:214,0
DA:215,0
DA:217,0
DA:219,0
DA:222,0
DA:224,0
DA:225,0
DA:226,0
DA:227,0
DA:228,0
DA:231,0
DA:232,0
DA:233,0
DA:236,0
DA:237,0
DA:238,0
DA:240,0
DA:243,0
DA:244,0
DA:246,0
DA:248,0
DA:249,0
DA:255,0
DA:256,0
DA:258,0
DA:259,0
DA:260,0
DA:262,0
DA:263,0
DA:264,0
DA:268,0
DA:270,0
DA:271,0
DA:272,0
DA:273,0
DA:279,0
DA:280,0
DA:283,0
DA:284,0
DA:286,0
DA:287,0
DA:288,0
DA:290,0
DA:291,0
DA:293,0
DA:294,0
DA:296,0
DA:297,0
DA:298,0
DA:302,0
DA:303,0
DA:308,0
DA:309,0
DA:311,0
DA:312,0
DA:313,0
DA:316,0
DA:317,0
DA:320,0
DA:325,0
DA:326,0
DA:327,0
DA:328,0
DA:334,0
DA:336,0
DA:349,0
DA:351,0
DA:353,0
DA:355,0
DA:356,0
DA:357,0
DA:358,0
DA:359,0
DA:366,0
DA:373,0
DA:379,0
DA:385,0
DA:386,0
DA:388,0
DA:392,0
DA:394,0
DA:396,0
DA:397,0
DA:401,0
DA:403,0
DA:404,0
DA:405,0
DA:406,0
DA:407,0
DA:408,0
DA:409,0
DA:413,0
DA:414,0
LF:194
LH:0
end_of_record
SF:lib/common/app_billing_total.dart
DA:6,0
DA:7,0
DA:11,0
DA:12,0
DA:14,0
DA:16,0
DA:17,0
DA:21,0
DA:22,0
DA:24,0
DA:30,0
DA:36,0
DA:37,0
DA:38,0
DA:39,0
DA:40,0
DA:42,0
DA:44,0
DA:49,0
DA:51,0
DA:53,0
DA:58,0
DA:59,0
LF:23
LH:0
end_of_record
SF:lib/common/app_divider.dart
DA:5,169
DA:13,0
DA:22,2
DA:24,2
DA:25,2
DA:26,2
DA:27,2
DA:28,2
DA:29,2
DA:30,2
DA:31,2
DA:33,2
DA:34,2
DA:35,2
DA:36,2
LF:15
LH:14
end_of_record
SF:lib/common/app_button.dart
DA:6,15
DA:26,2
DA:48,2
DA:50,5
DA:51,4
DA:52,2
DA:53,2
DA:55,2
DA:56,4
DA:58,2
DA:59,2
DA:63,2
DA:64,1
DA:65,1
DA:66,2
DA:67,1
DA:72,2
DA:73,4
DA:74,4
DA:77,2
DA:78,2
DA:79,2
DA:80,6
DA:81,2
DA:82,2
DA:84,2
DA:85,4
DA:86,2
DA:87,2
DA:88,0
DA:90,0
DA:111,13
DA:122,0
DA:124,0
DA:126,0
DA:127,0
DA:128,0
DA:129,0
DA:130,0
DA:131,0
DA:132,0
DA:133,0
DA:134,0
DA:135,0
DA:136,0
DA:145,1
DA:146,1
DA:148,1
DA:150,1
DA:152,1
DA:156,1
DA:177,5
DA:193,5
DA:195,5
DA:197,5
DA:198,5
DA:199,5
DA:200,5
DA:201,5
DA:202,5
DA:203,10
DA:204,5
DA:205,10
DA:209,5
DA:211,5
DA:212,5
DA:214,5
DA:215,5
DA:216,5
DA:219,5
DA:220,8
DA:223,5
DA:224,4
DA:225,4
DA:226,4
DA:229,8
DA:232,5
DA:233,1
DA:234,1
DA:236,1
DA:237,1
DA:239,1
DA:241,5
DA:242,5
DA:245,5
DA:246,0
DA:257,1
DA:259,1
DA:270,1
DA:277,1
DA:290,2
DA:292,2
DA:305,3
DA:307,3
DA:315,1
DA:317,1
DA:331,0
DA:333,0
DA:344,0
DA:351,0
DA:364,1
DA:366,1
DA:375,1
DA:377,1
DA:387,0
DA:392,0
DA:400,1
DA:402,1
DA:413,0
DA:415,0
DA:417,0
DA:421,0
DA:423,0
LF:113
LH:86
end_of_record
SF:lib/controller/constant/layout.dart
DA:7,0
DA:10,0
DA:12,0
DA:16,0
DA:17,0
DA:18,0
DA:20,0
DA:23,0
DA:25,0
DA:32,0
DA:36,0
DA:37,0
DA:38,0
DA:42,0
DA:44,0
DA:46,0
DA:51,0
DA:53,0
DA:54,0
DA:60,0
LF:20
LH:0
end_of_record
SF:lib/common/app_card.dart
DA:5,4
DA:24,4
DA:43,4
DA:45,4
DA:46,8
DA:47,8
DA:48,8
DA:49,8
DA:51,4
DA:52,6
DA:53,6
DA:54,6
DA:55,6
DA:58,4
DA:61,4
DA:63,4
DA:65,4
DA:69,4
DA:75,4
DA:76,4
DA:78,4
DA:80,4
DA:82,8
DA:84,4
DA:86,4
DA:87,4
LF:26
LH:26
end_of_record
SF:lib/common/app_card_center.dart
DA:6,0
DA:10,0
DA:14,0
DA:16,0
DA:17,0
DA:19,0
DA:20,0
DA:21,0
DA:23,0
DA:24,0
DA:25,0
DA:26,0
DA:27,0
LF:13
LH:0
end_of_record
SF:lib/common/app_card_expandable.dart
DA:10,0
DA:15,0
DA:17,0
DA:18,0
DA:22,0
DA:24,0
DA:30,0
DA:31,0
DA:32,0
DA:33,0
DA:34,0
DA:38,0
DA:44,0
DA:45,0
DA:46,0
DA:49,0
LF:16
LH:0
end_of_record
SF:lib/common/app_card_tabs.dart
DA:18,0
DA:31,0
DA:33,0
DA:34,0
DA:44,0
DA:45,0
DA:46,0
DA:47,0
DA:54,0
DA:56,0
DA:57,0
DA:58,0
DA:59,0
DA:60,0
DA:61,0
DA:64,0
DA:65,0
DA:66,0
DA:67,0
DA:69,0
DA:71,0
DA:72,0
DA:73,0
DA:74,0
DA:77,0
DA:78,0
DA:80,0
DA:81,0
DA:83,0
DA:84,0
DA:85,0
DA:88,0
DA:89,0
DA:90,0
DA:91,0
DA:92,0
DA:93,0
DA:94,0
LF:38
LH:0
end_of_record
SF:lib/common/app_checkbox.dart
DA:5,1
DA:14,1
DA:24,1
DA:26,1
DA:27,3
DA:28,3
DA:29,1
DA:31,1
DA:32,1
DA:35,1
DA:37,1
DA:39,0
DA:40,0
DA:46,1
DA:47,1
DA:48,1
DA:49,0
DA:50,0
DA:51,0
DA:54,2
DA:56,1
LF:21
LH:16
end_of_record
SF:lib/common/app_chip.dart
DA:4,1
DA:8,1
DA:12,1
DA:14,1
DA:15,2
DA:17,2
DA:18,1
DA:22,1
LF:8
LH:8
end_of_record
SF:lib/common/app_circular.dart
DA:8,0
DA:13,0
DA:15,0
DA:17,0
DA:18,0
DA:19,0
DA:21,0
DA:22,0
DA:23,0
LF:9
LH:0
end_of_record
SF:lib/common/app_contact_info_line.dart
DA:12,13
DA:21,0
DA:23,0
DA:25,0
DA:28,0
DA:29,0
DA:30,0
DA:31,0
DA:34,0
DA:36,0
DA:38,0
DA:42,0
DA:43,0
DA:44,0
DA:46,0
DA:47,0
DA:50,0
DA:51,0
DA:52,0
DA:54,0
DA:56,0
DA:57,0
DA:60,0
LF:23
LH:1
end_of_record
SF:lib/common/app_country_picker.dart
DA:16,0
DA:20,0
DA:22,0
DA:23,0
DA:30,0
DA:32,0
DA:34,0
DA:35,0
DA:36,0
DA:39,0
DA:44,0
DA:45,0
DA:47,0
DA:48,0
DA:49,0
DA:54,0
DA:56,0
DA:57,0
DA:61,0
DA:62,0
DA:63,0
DA:64,0
DA:66,0
DA:67,0
DA:69,0
DA:70,0
DA:71,0
DA:80,0
DA:81,0
DA:84,0
DA:87,0
DA:88,0
DA:92,0
DA:93,0
DA:94,0
DA:98,0
DA:99,0
DA:100,0
DA:102,0
DA:113,0
DA:114,0
DA:116,0
DA:118,0
DA:119,0
DA:120,0
DA:121,0
DA:123,0
DA:126,0
DA:133,0
DA:135,0
DA:136,0
DA:137,0
DA:138,0
DA:143,0
DA:146,0
DA:148,0
DA:149,0
DA:150,0
DA:152,0
DA:153,0
DA:155,0
DA:156,0
DA:157,0
DA:158,0
DA:159,0
DA:160,0
DA:161,0
DA:163,0
DA:164,0
DA:165,0
DA:166,0
DA:176,0
DA:179,0
DA:181,0
DA:183,0
DA:184,0
DA:188,0
DA:190,0
DA:191,0
DA:192,0
DA:193,0
DA:196,0
DA:197,0
DA:198,0
DA:203,0
DA:204,0
DA:206,0
DA:215,0
DA:216,0
DA:218,0
DA:220,0
DA:221,0
DA:238,0
DA:247,0
DA:249,0
DA:251,0
DA:252,0
DA:253,0
DA:255,0
DA:258,0
DA:261,0
DA:262,0
DA:263,0
DA:264,0
DA:266,0
DA:268,0
DA:269,0
DA:271,0
LF:108
LH:0
end_of_record
SF:lib/common/app_cutomer_info.dart
DA:13,0
DA:19,0
DA:21,0
DA:22,0
DA:25,0
DA:26,0
DA:29,0
DA:30,0
DA:33,0
DA:34,0
DA:37,0
DA:38,0
DA:39,0
DA:42,0
DA:44,0
DA:47,0
DA:49,0
DA:51,0
DA:52,0
DA:53,0
DA:55,0
DA:57,0
DA:58,0
DA:59,0
LF:24
LH:0
end_of_record
SF:lib/common/app_dialog.dart
DA:17,0
DA:26,0
DA:28,0
DA:30,0
DA:31,0
DA:32,0
DA:33,0
DA:34,0
DA:36,0
DA:39,0
DA:40,0
DA:42,0
DA:44,0
DA:45,0
DA:46,0
DA:47,0
DA:48,0
DA:49,0
DA:52,0
DA:53,0
DA:54,0
LF:21
LH:0
end_of_record
SF:lib/common/utility/row_split.dart
DA:9,1
DA:15,1
DA:17,1
DA:21,2
DA:24,2
DA:27,2
DA:31,1
DA:33,1
DA:34,2
DA:35,1
DA:36,1
DA:38,2
DA:40,3
DA:41,1
DA:42,1
DA:44,2
DA:46,2
LF:17
LH:17
end_of_record
SF:lib/common/app_divider_with_label.dart
DA:16,0
DA:27,0
DA:29,0
DA:31,0
DA:32,0
DA:33,0
DA:34,0
DA:35,0
DA:36,0
DA:39,0
DA:40,0
DA:44,0
DA:45,0
DA:50,0
DA:52,0
DA:55,0
DA:56,0
LF:17
LH:0
end_of_record
SF:lib/common/app_drop_down.dart
DA:5,0
DA:12,0
DA:20,0
DA:22,0
DA:24,0
DA:25,0
DA:33,0
DA:34,0
DA:35,0
DA:36,0
DA:37,0
DA:38,0
DA:48,0
DA:50,0
DA:51,0
DA:52,0
DA:53,0
DA:55,0
DA:56,0
DA:57,0
DA:59,0
DA:61,0
LF:22
LH:0
end_of_record
SF:lib/common/app_dropdown_multiple.dart
DA:6,0
DA:15,0
DA:23,0
DA:24,0
DA:28,0
DA:30,0
DA:31,0
DA:32,0
DA:38,0
DA:40,0
DA:41,0
DA:42,0
DA:44,0
DA:45,0
DA:55,0
DA:60,0
DA:76,0
DA:77,0
LF:18
LH:0
end_of_record
SF:lib/common/app_dropdown_search.dart
DA:16,0
DA:28,0
DA:29,0
DA:31,0
DA:53,0
DA:55,0
DA:56,0
DA:57,0
DA:60,0
DA:62,0
DA:63,0
DA:66,0
DA:68,0
DA:69,0
DA:70,0
DA:71,0
DA:72,0
DA:77,0
DA:80,0
DA:83,0
DA:85,0
DA:86,0
DA:87,0
DA:89,0
DA:90,0
DA:100,0
DA:101,0
DA:102,0
DA:104,0
DA:111,0
DA:112,0
DA:113,0
DA:115,0
DA:116,0
DA:119,0
DA:122,0
DA:123,0
DA:124,0
DA:126,0
DA:127,0
DA:128,0
DA:133,0
DA:139,0
DA:140,0
DA:146,0
DA:147,0
DA:149,0
DA:151,0
DA:152,0
DA:153,0
DA:155,0
DA:156,0
DA:158,0
DA:165,0
DA:166,0
DA:167,0
DA:168,0
DA:169,0
DA:171,0
DA:172,0
DA:174,0
DA:188,0
DA:189,0
DA:192,0
DA:193,0
DA:194,0
DA:196,0
DA:197,0
DA:201,0
DA:202,0
DA:206,0
DA:207,0
DA:208,0
DA:213,0
DA:214,0
DA:215,0
DA:216,0
DA:217,0
DA:218,0
DA:224,0
DA:225,0
DA:226,0
DA:228,0
DA:229,0
DA:232,0
DA:233,0
DA:234,0
DA:238,0
DA:239,0
DA:240,0
DA:241,0
DA:242,0
DA:246,0
DA:247,0
DA:251,0
DA:253,0
DA:254,0
DA:257,0
DA:258,0
DA:261,0
DA:262,0
DA:263,0
DA:265,0
DA:267,0
DA:269,0
DA:270,0
DA:272,0
DA:273,0
DA:275,0
DA:276,0
DA:277,0
DA:278,0
DA:279,0
DA:280,0
DA:287,0
DA:288,0
LF:116
LH:0
end_of_record
SF:lib/common/app_flex_row.dart
DA:4,0
DA:10,0
DA:18,0
DA:20,0
DA:21,0
DA:22,0
DA:24,0
DA:25,0
DA:26,0
DA:31,0
DA:33,0
LF:11
LH:0
end_of_record
SF:lib/common/app_header_icon.dart
DA:15,1
DA:26,1
DA:28,1
DA:30,4
DA:31,1
DA:32,3
DA:33,0
DA:35,1
DA:36,3
DA:37,1
DA:40,1
DA:41,1
DA:42,1
DA:43,1
DA:45,1
DA:47,2
DA:48,1
DA:52,1
DA:53,1
DA:56,1
DA:57,2
DA:58,1
DA:59,1
LF:23
LH:22
end_of_record
SF:lib/common/app_icon_button.dart
DA:16,2
DA:28,2
DA:30,2
DA:32,2
DA:33,10
DA:34,2
DA:38,2
DA:39,2
DA:40,2
DA:41,2
DA:42,2
DA:43,2
DA:44,2
DA:45,2
DA:48,8
LF:15
LH:15
end_of_record
SF:lib/common/app_input_inline_form.dart
DA:6,0
DA:19,0
DA:33,0
DA:34,0
DA:40,0
DA:42,0
DA:43,0
DA:46,0
DA:47,0
DA:50,0
DA:51,0
DA:52,0
DA:56,0
DA:57,0
DA:58,0
DA:59,0
DA:65,0
DA:68,0
DA:71,0
DA:74,0
DA:75,0
DA:76,0
DA:77,0
DA:78,0
DA:90,0
DA:92,0
DA:93,0
DA:94,0
DA:96,0
DA:97,0
DA:107,0
DA:108,0
DA:109,0
DA:111,0
DA:115,0
DA:116,0
DA:117,0
DA:125,0
DA:127,0
DA:128,0
DA:131,0
DA:132,0
DA:138,0
DA:140,0
DA:141,0
DA:142,0
DA:144,0
DA:145,0
DA:146,0
DA:150,0
DA:159,0
DA:160,0
LF:52
LH:0
end_of_record
SF:lib/common/app_input_text.dart
DA:8,0
DA:35,0
DA:66,0
DA:68,0
DA:69,0
DA:72,0
DA:75,0
DA:77,0
DA:78,0
DA:81,0
DA:82,0
DA:83,0
DA:85,0
DA:86,0
DA:87,0
DA:89,0
DA:90,0
DA:91,0
DA:93,0
DA:94,0
DA:95,0
DA:97,0
DA:98,0
DA:99,0
DA:103,0
DA:106,0
DA:107,0
DA:108,0
DA:109,0
DA:110,0
DA:111,0
DA:112,0
DA:117,0
DA:121,0
DA:122,0
DA:123,0
DA:124,0
DA:126,0
DA:127,0
DA:128,0
DA:129,0
DA:130,0
DA:131,0
DA:132,0
DA:134,0
DA:135,0
DA:138,0
DA:139,0
LF:48
LH:0
end_of_record
SF:lib/common/app_text_body.dart
DA:7,47
DA:18,0
DA:31,0
DA:33,0
DA:34,0
DA:35,0
DA:36,0
DA:37,0
DA:38,0
DA:39,0
DA:41,0
DA:44,0
DA:45,0
DA:46,0
DA:47,0
DA:48,0
DA:59,0
DA:64,0
LF:18
LH:1
end_of_record
SF:lib/common/app_labeled_line.dart
DA:4,13
DA:8,0
DA:13,0
DA:15,0
DA:16,0
DA:17,0
DA:19,0
DA:21,0
DA:25,0
DA:27,0
DA:28,0
DA:30,0
DA:32,0
LF:13
LH:1
end_of_record
SF:lib/common/app_list_draggable.dart
DA:5,0
DA:13,0
DA:20,0
DA:21,0
DA:25,0
DA:26,0
DA:27,0
DA:31,0
DA:40,0
DA:41,0
DA:42,0
DA:43,0
DA:45,0
DA:49,0
DA:50,0
DA:51,0
DA:52,0
DA:54,0
DA:55,0
DA:57,0
DA:59,0
DA:60,0
DA:61,0
DA:67,0
DA:74,0
DA:75,0
DA:79,0
DA:81,0
DA:83,0
DA:84,0
DA:85,0
DA:91,0
DA:92,0
DA:93,0
DA:107,0
DA:108,0
DA:109,0
DA:110,0
DA:111,0
DA:113,0
DA:114,0
DA:119,0
DA:120,0
DA:126,0
DA:127,0
DA:134,0
LF:46
LH:0
end_of_record
SF:lib/common/app_list_tile.dart
DA:5,0
DA:17,0
DA:30,0
DA:32,0
DA:35,0
DA:36,0
DA:37,0
DA:38,0
DA:41,0
DA:43,0
DA:45,0
DA:47,0
DA:49,0
DA:50,0
DA:52,0
DA:55,0
DA:57,0
DA:59,0
LF:18
LH:0
end_of_record
SF:lib/common/app_multiselect.dart
DA:13,26
DA:26,13
DA:34,0
DA:36,0
DA:37,0
DA:45,0
DA:47,0
DA:48,0
DA:49,0
DA:50,0
DA:54,0
DA:56,0
DA:59,0
DA:60,0
DA:62,0
DA:63,0
DA:64,0
DA:68,0
DA:70,0
DA:71,0
DA:75,0
DA:76,0
DA:77,0
DA:78,0
DA:80,0
DA:81,0
DA:82,0
DA:83,0
DA:85,0
DA:86,0
DA:87,0
DA:91,0
DA:92,0
DA:93,0
DA:95,0
DA:106,0
DA:113,0
DA:114,0
DA:118,0
DA:120,0
DA:121,0
DA:122,0
DA:123,0
DA:128,0
DA:131,0
DA:133,0
DA:134,0
DA:136,0
DA:137,0
DA:138,0
DA:140,0
DA:141,0
DA:143,0
DA:144,0
DA:145,0
DA:146,0
DA:147,0
DA:148,0
DA:149,0
DA:151,0
DA:152,0
DA:153,0
DA:164,0
DA:167,0
DA:169,0
DA:171,0
DA:172,0
DA:176,0
DA:177,0
DA:180,0
DA:181,0
DA:185,0
DA:187,0
DA:188,0
DA:189,0
DA:190,0
DA:192,0
DA:193,0
DA:197,0
DA:198,0
DA:200,0
DA:209,0
DA:210,0
DA:212,0
DA:214,0
DA:216,0
DA:225,0
DA:234,0
DA:247,0
DA:254,0
DA:256,0
DA:258,0
DA:259,0
DA:260,0
DA:264,0
DA:265,0
DA:266,0
DA:268,0
DA:270,0
DA:272,0
LF:100
LH:2
end_of_record
SF:lib/common/app_network_image.dart
DA:10,0
DA:16,0
DA:18,0
DA:19,0
DA:20,0
DA:21,0
DA:23,0
DA:24,0
DA:25,0
DA:32,0
DA:34,0
DA:35,0
DA:37,0
DA:38,0
DA:39,0
DA:40,0
DA:41,0
DA:42,0
DA:44,0
DA:45,0
DA:46,0
DA:47,0
DA:48,0
DA:49,0
DA:55,0
DA:60,0
DA:61,0
LF:27
LH:0
end_of_record
SF:lib/common/app_number_stepper.dart
DA:11,0
DA:13,0
DA:15,0
DA:16,0
DA:22,0
DA:23,0
DA:24,0
DA:25,0
DA:30,0
DA:31,0
DA:32,0
DA:33,0
DA:38,0
DA:40,0
DA:47,0
DA:49,0
DA:50,0
DA:56,0
DA:58,0
DA:60,0
DA:61,0
DA:67,0
LF:22
LH:0
end_of_record
SF:lib/common/app_placeholder.dart
DA:5,26
DA:9,0
DA:14,0
DA:16,0
DA:20,0
DA:21,0
DA:22,0
DA:24,0
DA:25,0
DA:26,0
DA:28,0
DA:32,0
DA:33,0
DA:38,0
DA:39,0
LF:15
LH:1
end_of_record
SF:lib/common/app_pop_menu.dart
DA:9,43
DA:23,4
DA:30,4
DA:32,4
DA:34,4
DA:35,4
DA:36,4
DA:37,8
DA:38,8
DA:39,12
DA:42,4
DA:43,4
DA:45,0
DA:46,0
DA:47,0
DA:48,0
DA:51,0
DA:55,0
DA:58,0
DA:59,0
DA:60,0
DA:62,0
LF:22
LH:12
end_of_record
SF:lib/common/app_popup_item.dart
DA:9,0
DA:14,0
DA:16,0
DA:18,0
DA:19,0
DA:22,0
DA:23,0
DA:24,0
DA:25,0
DA:29,0
DA:38,0
LF:11
LH:0
end_of_record
SF:lib/common/app_row_flex.dart
DA:7,1
DA:16,1
DA:24,1
DA:26,1
DA:27,5
DA:28,1
DA:29,1
DA:30,5
DA:31,1
DA:32,7
DA:33,1
DA:35,1
DA:38,1
LF:13
LH:13
end_of_record
SF:lib/common/app_segment_item.dart
DA:4,26
DA:8,0
DA:12,1
DA:14,1
DA:17,1
DA:18,2
DA:20,2
LF:7
LH:6
end_of_record
SF:lib/common/app_segmented_control.dart
DA:7,1
DA:25,2
DA:26,1
DA:44,1
DA:45,1
DA:56,1
DA:58,1
DA:59,4
DA:60,3
DA:61,1
DA:62,2
DA:63,0
DA:65,2
DA:69,1
DA:70,2
DA:71,1
DA:72,6
DA:73,2
DA:74,0
DA:75,0
DA:76,0
DA:77,0
DA:79,0
DA:80,0
DA:83,2
DA:84,4
DA:85,2
DA:86,5
DA:91,0
DA:92,0
DA:93,0
DA:95,0
DA:96,0
DA:97,0
DA:98,0
DA:100,0
DA:102,0
DA:103,0
DA:104,0
DA:105,0
DA:109,1
DA:110,1
DA:111,3
DA:112,0
DA:113,0
DA:115,1
DA:116,1
DA:117,3
DA:118,3
DA:119,1
DA:120,3
DA:122,1
DA:128,1
DA:129,1
DA:130,2
DA:131,2
DA:132,1
DA:133,2
DA:134,1
DA:135,6
DA:138,3
DA:139,1
DA:140,1
DA:141,1
DA:142,1
DA:143,1
DA:144,1
DA:145,1
DA:146,1
DA:147,3
DA:148,2
DA:149,2
DA:150,2
DA:151,2
DA:152,2
DA:154,1
DA:155,1
DA:156,3
DA:157,1
DA:158,1
DA:159,1
DA:161,2
DA:162,2
DA:163,0
DA:174,1
DA:176,1
DA:178,1
DA:179,2
DA:180,1
DA:181,1
DA:184,0
DA:191,1
DA:202,1
DA:214,1
DA:216,1
DA:217,2
DA:218,2
DA:220,0
DA:221,1
DA:222,1
DA:223,1
DA:224,1
DA:226,1
DA:227,2
DA:228,1
DA:234,0
DA:240,0
DA:241,0
DA:242,0
DA:249,1
DA:253,1
DA:255,1
DA:256,1
DA:260,1
DA:262,3
DA:263,1
DA:264,1
DA:265,2
DA:272,1
DA:273,2
DA:276,1
DA:277,2
DA:279,1
DA:280,3
LF:124
LH:96
end_of_record
SF:lib/common/app_segmented_toggle.dart
DA:4,0
DA:11,0
DA:19,0
DA:20,0
DA:26,0
DA:28,0
DA:29,0
DA:30,0
DA:31,0
DA:32,0
DA:33,0
DA:35,0
DA:36,0
DA:37,0
DA:39,0
DA:40,0
DA:41,0
DA:43,0
DA:48,0
DA:49,0
DA:52,0
DA:53,0
DA:54,0
LF:23
LH:0
end_of_record
SF:lib/common/app_simple_dropdown.dart
DA:6,1
DA:20,1
DA:34,1
DA:35,1
DA:41,1
DA:43,1
DA:44,1
DA:45,1
DA:46,0
DA:47,0
DA:48,0
DA:50,0
DA:53,1
DA:54,1
DA:55,1
DA:56,2
DA:58,1
DA:59,2
DA:60,1
DA:61,2
DA:63,1
DA:64,1
DA:67,1
DA:68,3
DA:69,0
DA:70,2
DA:74,2
DA:75,0
DA:76,0
DA:77,0
DA:78,0
DA:80,0
DA:99,1
DA:100,1
DA:103,0
DA:104,0
DA:105,0
DA:106,0
DA:107,0
DA:109,0
DA:114,0
DA:116,0
DA:119,0
DA:122,0
DA:123,0
DA:124,0
DA:126,0
DA:130,0
DA:131,0
DA:132,0
DA:135,0
DA:136,0
DA:140,0
DA:143,0
LF:54
LH:24
end_of_record
SF:lib/common/app_spinner.dart
DA:5,13
DA:12,0
DA:19,0
DA:21,0
DA:22,0
DA:23,0
DA:25,0
DA:26,0
DA:27,0
DA:28,0
DA:29,0
DA:30,0
DA:31,0
LF:13
LH:1
end_of_record
SF:lib/common/app_step_progress.dart
DA:10,0
DA:18,0
DA:22,0
DA:28,0
DA:30,0
DA:31,0
DA:32,0
DA:33,0
DA:34,0
DA:35,0
DA:36,0
DA:37,0
DA:38,0
DA:42,0
DA:43,0
DA:45,0
DA:46,0
DA:49,0
DA:50,0
DA:51,0
DA:52,0
DA:53,0
DA:54,0
DA:59,0
DA:65,0
DA:77,0
DA:89,0
DA:103,0
DA:105,0
DA:106,0
DA:107,0
DA:109,0
DA:110,0
DA:112,0
DA:113,0
DA:114,0
DA:115,0
DA:116,0
DA:117,0
DA:119,0
DA:120,0
DA:123,0
DA:124,0
DA:125,0
DA:126,0
DA:127,0
DA:129,0
DA:130,0
DA:131,0
DA:132,0
DA:133,0
DA:136,0
DA:143,0
DA:144,0
DA:148,0
DA:159,0
DA:171,0
DA:183,0
DA:185,0
DA:186,0
DA:187,0
DA:188,0
DA:189,0
DA:190,0
DA:191,0
DA:192,0
DA:193,0
DA:194,0
DA:195,0
DA:196,0
DA:197,0
DA:200,0
DA:201,0
DA:202,0
DA:203,0
DA:204,0
DA:207,0
DA:208,0
DA:209,0
DA:219,0
DA:225,0
DA:231,0
DA:233,0
DA:235,0
DA:236,0
LF:85
LH:0
end_of_record
SF:lib/common/app_text_header.dart
DA:7,18
DA:17,1
DA:28,1
DA:30,1
DA:31,3
DA:32,1
DA:35,1
DA:37,1
DA:38,1
DA:39,0
DA:40,0
DA:41,0
DA:43,2
DA:44,2
DA:45,1
DA:46,1
DA:47,1
DA:49,1
DA:50,1
LF:19
LH:16
end_of_record
SF:lib/common/app_tabs_basic.dart
DA:10,1
DA:15,1
DA:17,1
DA:18,1
DA:25,0
DA:26,0
DA:27,0
DA:28,0
DA:36,1
DA:38,2
DA:39,1
DA:42,1
DA:44,2
DA:45,1
DA:48,1
DA:50,1
DA:51,1
DA:54,1
DA:56,1
DA:59,6
DA:60,1
DA:61,2
DA:62,6
DA:63,1
DA:64,1
DA:65,1
DA:66,0
DA:67,0
DA:70,1
DA:73,1
DA:74,2
DA:83,1
DA:85,1
DA:86,0
DA:87,0
DA:88,0
DA:91,2
DA:107,1
DA:116,1
DA:118,1
DA:120,3
DA:126,1
DA:127,1
DA:128,2
DA:129,1
DA:130,1
DA:131,1
DA:132,1
DA:133,1
DA:134,2
DA:139,1
DA:143,1
DA:144,1
DA:145,1
DA:146,1
DA:147,2
DA:148,1
DA:149,1
DA:154,1
DA:162,1
DA:167,1
DA:169,1
DA:170,1
DA:171,1
DA:172,1
DA:173,1
DA:176,1
DA:177,2
DA:178,1
LF:69
LH:60
end_of_record
SF:lib/common/app_text_divider.dart
DA:6,21
DA:13,0
DA:21,2
DA:23,2
DA:24,10
DA:25,2
DA:26,2
DA:27,2
DA:28,2
DA:33,2
DA:35,4
DA:42,2
DA:43,2
LF:13
LH:12
end_of_record
SF:lib/common/app_text_help_link.dart
DA:6,2
DA:21,2
DA:37,2
DA:39,2
DA:40,2
DA:42,4
DA:47,2
DA:48,2
DA:50,2
DA:51,10
DA:52,2
DA:54,2
DA:56,2
DA:57,6
DA:58,2
DA:59,2
DA:60,2
DA:61,8
DA:63,5
LF:19
LH:19
end_of_record
SF:lib/common/app_text_link.dart
DA:5,0
DA:10,0
DA:15,0
DA:17,0
DA:18,0
DA:19,0
LF:6
LH:0
end_of_record
SF:lib/common/app_textfield.dart
DA:28,18
DA:51,5
DA:53,5
DA:54,5
DA:64,5
DA:66,5
DA:68,5
DA:69,2
DA:70,2
DA:73,1
DA:74,2
DA:75,1
DA:76,1
DA:77,1
DA:79,0
DA:80,0
DA:81,0
DA:82,0
DA:88,14
DA:89,8
DA:90,2
DA:91,2
DA:92,1
DA:93,1
DA:94,1
DA:97,8
DA:98,4
DA:102,5
DA:105,5
DA:106,22
DA:107,2
DA:108,1
DA:112,10
DA:113,0
DA:114,0
DA:119,4
DA:120,16
DA:121,24
DA:122,0
DA:127,5
DA:128,10
DA:129,20
DA:134,5
DA:135,10
DA:136,0
DA:137,0
DA:142,9
DA:143,2
DA:148,5
DA:149,5
DA:150,5
DA:151,10
DA:153,10
DA:154,17
DA:155,5
DA:156,10
DA:157,10
DA:158,10
DA:159,5
DA:160,10
DA:161,10
DA:163,20
DA:164,4
DA:165,8
DA:166,0
DA:168,12
DA:169,8
DA:170,4
DA:174,5
DA:179,10
DA:181,30
DA:182,5
DA:183,10
DA:184,5
DA:185,10
DA:186,5
DA:191,5
DA:193,5
DA:194,10
DA:196,5
DA:197,10
DA:204,5
DA:206,5
DA:207,15
DA:208,5
DA:215,4
DA:217,1
DA:219,1
DA:221,1
DA:222,1
LF:90
LH:80
end_of_record
SF:lib/common/utility/address_list.dart
DA:10,1
DA:17,1
DA:25,1
DA:27,2
DA:28,4
DA:31,0
DA:32,0
DA:33,0
DA:34,0
DA:35,0
DA:36,0
DA:42,0
DA:44,0
DA:45,0
DA:47,0
DA:49,0
DA:50,0
DA:51,0
DA:57,0
DA:58,0
DA:59,0
DA:60,0
DA:61,0
DA:64,0
DA:65,0
DA:68,0
DA:69,0
DA:72,0
DA:73,0
DA:80,0
DA:89,0
DA:91,0
DA:98,0
DA:99,0
DA:100,0
DA:102,0
DA:103,0
DA:104,0
DA:105,0
DA:107,0
DA:108,0
DA:109,0
DA:110,0
DA:113,0
DA:114,0
DA:115,0
LF:46
LH:5
end_of_record
SF:lib/common/utility/flex_row.dart
DA:4,3
DA:13,3
DA:24,3
DA:26,6
DA:27,12
DA:28,13
DA:30,15
DA:31,12
DA:32,12
DA:37,3
DA:38,3
DA:39,3
DA:40,6
LF:13
LH:13
end_of_record
SF:lib/common/utility/text_key_val.dart
DA:13,39
DA:22,0
DA:24,0
DA:26,0
DA:27,0
DA:28,0
DA:30,0
DA:31,0
DA:32,0
DA:33,0
DA:34,0
DA:35,0
LF:12
LH:1
end_of_record
SF:lib/common/utility/text_key_val_icon.dart
DA:16,0
DA:26,0
DA:28,0
DA:30,0
DA:31,0
DA:32,0
DA:33,0
DA:34,0
DA:35,0
DA:37,0
DA:38,0
DA:40,0
DA:41,0
DA:42,0
LF:14
LH:0
end_of_record
SF:lib/controller/api/auth/auth_api.dart
DA:11,1
DA:12,3
DA:14,1
DA:16,3
DA:18,2
DA:25,0
DA:26,0
DA:28,0
DA:32,1
DA:34,3
DA:36,2
DA:44,0
DA:45,0
DA:49,1
DA:51,2
DA:56,3
DA:63,0
DA:64,0
DA:68,0
DA:70,0
DA:71,0
DA:72,0
DA:73,0
DA:74,0
DA:75,0
DA:79,0
DA:81,0
DA:82,0
DA:83,0
DA:84,0
DA:85,0
DA:86,0
DA:88,0
DA:89,0
DA:90,0
DA:91,0
DA:94,0
DA:95,0
DA:99,0
DA:101,0
DA:102,0
DA:103,0
DA:107,0
DA:109,0
DA:110,0
DA:111,0
DA:115,1
DA:117,3
DA:119,0
DA:120,0
DA:124,0
DA:126,0
DA:127,0
DA:128,0
DA:129,0
DA:130,0
DA:134,0
DA:135,0
DA:136,0
DA:137,0
LF:60
LH:13
end_of_record
SF:lib/controller/constant/global_method.dart
DA:6,0
DA:7,0
DA:10,0
DA:11,0
LF:4
LH:0
end_of_record
SF:lib/controller/get/bindings/company_binding.dart
DA:5,0
DA:7,0
LF:2
LH:0
end_of_record
SF:lib/controller/get/company_controller.dart
DA:17,0
DA:18,0
DA:19,0
DA:24,1
DA:25,2
DA:28,0
DA:29,0
DA:30,0
DA:33,0
DA:35,1
DA:36,2
DA:39,4
DA:41,0
DA:45,0
DA:46,0
DA:47,0
DA:48,0
DA:50,0
DA:51,0
DA:53,0
DA:54,0
DA:55,0
DA:57,0
DA:59,0
DA:62,0
DA:63,0
DA:64,0
DA:67,0
DA:68,0
DA:71,0
DA:72,0
DA:73,0
DA:74,0
DA:75,0
DA:76,0
DA:79,0
DA:80,0
DA:82,0
DA:84,0
DA:86,0
DA:87,0
DA:88,0
DA:89,0
DA:91,0
DA:92,0
DA:95,0
DA:96,0
DA:100,1
DA:102,4
DA:103,1
LF:50
LH:8
end_of_record
SF:lib/controller/get/bindings/customer_binding.dart
DA:5,0
DA:7,0
LF:2
LH:0
end_of_record
SF:lib/controller/get/bindings/job_binding.dart
DA:5,0
DA:7,0
LF:2
LH:0
end_of_record
SF:lib/controller/get/job_controller.dart
DA:12,3
DA:13,3
DA:15,6
DA:17,1
DA:18,0
DA:19,1
DA:20,1
DA:21,3
DA:22,1
DA:23,3
DA:24,1
DA:25,0
DA:28,2
DA:31,2
DA:32,1
DA:33,1
DA:34,0
DA:35,0
DA:37,1
DA:38,1
DA:40,1
DA:42,1
DA:44,2
DA:49,0
DA:51,0
DA:55,1
DA:56,2
DA:57,5
DA:58,5
DA:59,1
DA:60,2
DA:63,0
DA:64,0
DA:66,0
DA:72,0
DA:73,0
DA:74,0
DA:75,0
DA:76,0
DA:77,0
DA:78,0
DA:79,0
DA:80,0
LF:43
LH:25
end_of_record
SF:lib/ui/page/account/account.dart
DA:16,27
DA:18,1
DA:20,1
DA:22,1
DA:23,1
DA:25,1
DA:26,1
DA:33,1
DA:34,1
DA:36,1
DA:37,1
DA:38,2
DA:42,3
DA:43,2
DA:45,1
DA:46,0
DA:52,1
DA:53,3
DA:59,1
DA:60,3
DA:63,1
DA:66,1
DA:67,3
DA:68,3
DA:70,1
DA:72,1
DA:74,1
DA:77,1
DA:78,1
DA:79,1
DA:81,1
DA:82,1
DA:85,1
DA:87,1
DA:88,1
DA:89,1
DA:90,2
DA:91,1
DA:95,3
DA:96,0
DA:104,4
DA:105,1
DA:106,0
DA:107,0
DA:109,1
DA:110,2
DA:112,1
DA:113,0
DA:114,0
DA:115,0
DA:116,0
DA:118,0
DA:119,0
DA:121,0
DA:122,0
DA:128,1
DA:129,2
DA:130,1
DA:134,2
DA:135,1
DA:139,2
DA:140,0
DA:146,1
DA:152,1
DA:157,1
DA:158,1
DA:159,0
DA:162,0
DA:163,0
DA:165,0
DA:167,0
DA:168,0
DA:169,0
DA:170,0
DA:176,0
DA:181,0
DA:182,0
DA:185,0
DA:189,0
DA:191,0
DA:193,0
DA:194,0
DA:195,0
DA:196,0
DA:198,0
DA:199,0
DA:200,0
DA:201,0
DA:202,0
DA:203,0
DA:205,0
DA:209,0
DA:222,1
DA:229,1
DA:231,1
DA:233,1
DA:234,1
DA:235,1
DA:236,1
DA:237,1
DA:238,1
DA:240,1
DA:241,1
DA:243,1
DA:244,1
DA:245,1
DA:246,2
DA:256,2
DA:257,1
DA:262,2
DA:263,1
DA:267,0
DA:276,1
DA:278,1
DA:279,1
DA:281,1
DA:284,1
DA:287,3
LF:118
LH:78
end_of_record
SF:lib/ui/page/account/account_edit.dart
DA:19,1
DA:20,4
DA:21,1
DA:22,4
DA:27,1
DA:28,5
DA:29,1
DA:30,5
DA:31,1
DA:32,5
DA:33,1
DA:34,5
DA:35,1
DA:36,5
DA:37,1
DA:38,4
DA:43,2
DA:45,3
DA:47,1
DA:49,3
DA:50,1
DA:51,1
DA:52,5
DA:56,1
DA:57,1
DA:65,1
DA:67,1
DA:68,1
DA:69,1
DA:71,1
DA:72,1
DA:73,1
DA:74,3
DA:75,3
DA:76,3
DA:80,1
DA:86,1
DA:88,3
DA:95,2
DA:96,1
DA:97,2
DA:98,1
DA:99,1
DA:100,1
DA:101,1
DA:102,2
DA:106,1
DA:107,1
DA:108,1
DA:110,0
DA:111,0
DA:114,2
DA:115,1
DA:116,1
DA:127,0
DA:128,0
DA:129,0
DA:130,0
DA:131,0
DA:132,0
DA:134,0
DA:135,0
DA:136,0
DA:137,0
DA:138,0
DA:139,0
DA:140,0
DA:141,0
DA:142,0
DA:143,0
DA:144,0
DA:145,0
DA:146,0
DA:147,0
DA:148,0
DA:151,2
DA:154,1
DA:155,0
DA:156,0
DA:159,1
DA:169,1
DA:170,1
DA:171,1
DA:172,1
DA:173,1
DA:176,1
DA:177,1
DA:178,1
DA:179,1
DA:180,1
DA:183,2
DA:184,1
DA:185,2
DA:190,1
DA:191,1
DA:193,1
DA:194,1
DA:196,1
DA:202,1
DA:203,1
DA:205,3
DA:210,1
DA:211,1
DA:213,1
DA:214,1
DA:216,1
DA:222,1
DA:223,1
DA:225,3
DA:232,1
DA:235,1
DA:238,1
DA:239,1
DA:241,1
DA:242,1
DA:245,3
DA:249,1
DA:251,1
DA:260,1
DA:261,4
DA:262,1
DA:265,2
DA:270,1
DA:271,2
DA:272,1
DA:274,1
DA:275,1
DA:277,1
DA:278,1
DA:280,1
DA:281,0
DA:282,0
DA:283,0
DA:286,1
DA:288,1
DA:290,1
DA:292,1
DA:294,1
DA:295,1
DA:296,1
DA:298,1
DA:300,1
DA:302,1
DA:306,1
DA:309,1
DA:313,0
DA:314,0
DA:315,0
DA:316,0
DA:323,2
DA:324,0
DA:325,0
DA:326,0
DA:327,0
DA:329,1
DA:332,1
DA:336,0
DA:337,0
DA:338,0
DA:339,0
DA:340,0
DA:343,0
DA:345,0
DA:352,0
DA:355,0
DA:358,0
DA:361,0
DA:362,0
DA:365,0
DA:367,0
DA:369,0
DA:372,0
DA:373,0
DA:376,0
DA:377,0
DA:381,0
DA:383,0
DA:384,0
DA:385,0
DA:386,0
DA:387,0
DA:397,0
DA:398,0
DA:399,0
DA:415,1
DA:425,1
DA:427,1
DA:429,1
DA:430,1
DA:432,1
DA:433,1
DA:434,1
DA:435,1
DA:437,1
DA:441,2
DA:442,2
DA:443,1
DA:444,1
DA:446,2
DA:447,0
DA:448,0
DA:449,0
DA:454,1
DA:467,13
DA:474,0
DA:476,0
DA:478,0
DA:479,0
DA:480,0
DA:482,0
DA:487,0
DA:489,0
DA:500,1
DA:505,1
DA:507,1
DA:509,1
DA:511,1
DA:512,1
DA:515,1
DA:516,2
DA:518,1
DA:519,1
DA:521,1
LF:223
LH:148
end_of_record
SF:lib/ui/page/app_base_scaffold.dart
DA:26,7
DA:34,7
DA:36,7
DA:37,7
DA:44,0
DA:45,0
DA:46,0
DA:47,0
DA:48,0
DA:51,0
DA:52,0
DA:55,0
DA:56,0
DA:57,0
DA:61,4
DA:62,4
DA:63,8
DA:64,12
DA:65,8
DA:69,7
DA:70,7
DA:81,7
DA:83,7
DA:84,14
DA:85,7
DA:86,14
DA:87,7
DA:88,7
DA:89,7
DA:90,7
DA:91,7
DA:92,0
DA:93,0
DA:95,7
DA:96,7
DA:97,21
DA:101,14
DA:102,6
DA:103,4
DA:104,4
DA:105,8
DA:106,4
DA:107,12
DA:108,8
DA:110,4
DA:111,8
DA:113,7
DA:114,14
DA:119,0
DA:128,7
DA:129,7
DA:131,35
DA:132,7
DA:133,28
DA:134,7
DA:139,7
DA:144,0
DA:145,0
DA:146,0
DA:148,0
DA:171,4
DA:182,4
DA:184,4
DA:186,4
DA:187,4
DA:189,8
DA:190,4
DA:192,4
DA:194,4
DA:196,4
DA:197,4
DA:198,4
DA:199,4
DA:201,4
DA:206,4
DA:208,4
DA:209,4
DA:210,12
DA:215,4
DA:226,8
DA:228,4
DA:231,4
DA:234,4
DA:241,4
DA:243,8
DA:252,8
DA:254,4
DA:256,4
DA:258,4
DA:259,4
DA:260,4
DA:263,0
DA:264,0
DA:265,0
DA:266,0
DA:269,4
DA:272,0
DA:274,4
DA:277,0
DA:279,4
DA:282,0
DA:283,0
DA:284,0
DA:289,4
DA:290,4
DA:291,16
DA:293,16
LF:107
LH:81
end_of_record
SF:lib/ui/page/company/add_company.dart
DA:9,26
DA:10,0
DA:12,0
DA:13,0
DA:14,0
DA:16,0
DA:17,0
DA:22,0
LF:8
LH:1
end_of_record
SF:lib/ui/page/company/company.dart
DA:15,0
DA:17,0
DA:18,0
DA:21,0
DA:23,0
DA:24,0
DA:25,0
DA:27,0
DA:34,0
DA:35,0
DA:36,0
DA:37,0
DA:38,0
DA:39,0
DA:42,0
DA:43,0
DA:48,0
DA:50,0
DA:52,0
DA:53,0
DA:54,0
DA:55,0
DA:56,0
DA:57,0
DA:63,0
DA:64,0
DA:65,0
DA:66,0
DA:67,0
DA:68,0
DA:69,0
DA:70,0
DA:73,0
DA:74,0
DA:75,0
DA:76,0
DA:77,0
DA:80,0
DA:82,0
DA:83,0
DA:85,0
DA:86,0
DA:87,0
DA:99,0
DA:100,0
DA:101,0
DA:102,0
DA:108,0
DA:109,0
DA:110,0
DA:111,0
DA:114,0
DA:121,0
LF:53
LH:0
end_of_record
SF:lib/ui/page/account/account_setup.dart
DA:23,17
DA:25,0
DA:26,0
DA:43,0
DA:45,0
DA:46,0
DA:49,0
DA:50,0
DA:53,0
DA:56,0
DA:58,0
DA:60,0
DA:61,0
DA:62,0
DA:64,0
DA:65,0
DA:66,0
DA:72,0
DA:75,0
DA:76,0
DA:78,0
DA:79,0
DA:80,0
DA:81,0
DA:84,0
DA:85,0
DA:86,0
DA:95,0
DA:96,0
DA:99,0
DA:100,0
DA:101,0
DA:103,0
DA:107,0
DA:108,0
DA:111,0
DA:112,0
DA:117,0
DA:118,0
DA:121,0
DA:122,0
DA:127,0
DA:128,0
DA:129,0
DA:132,0
DA:133,0
DA:136,0
DA:137,0
DA:138,0
DA:139,0
DA:147,0
DA:148,0
DA:153,0
DA:155,0
DA:158,0
DA:162,0
DA:163,0
DA:164,0
DA:167,0
DA:168,0
DA:169,0
DA:170,0
DA:171,0
DA:172,0
DA:179,0
DA:180,0
DA:181,0
DA:182,0
DA:190,0
DA:191,0
DA:196,0
DA:198,0
DA:201,0
DA:205,0
DA:206,0
DA:207,0
DA:210,0
DA:211,0
DA:212,0
DA:213,0
DA:214,0
DA:215,0
DA:222,0
DA:223,0
DA:224,0
DA:225,0
DA:237,0
DA:238,0
DA:239,0
DA:240,0
DA:241,0
DA:242,0
DA:243,0
DA:244,0
DA:245,0
DA:246,0
DA:247,0
DA:248,0
DA:249,0
DA:251,0
DA:252,0
DA:253,0
DA:256,0
DA:263,0
DA:267,0
DA:268,0
LF:106
LH:1
end_of_record
SF:lib/ui/page/account/account_setup_company.dart
DA:17,0
DA:30,0
DA:35,0
DA:41,0
DA:42,0
DA:79,0
DA:84,0
DA:86,0
DA:87,0
DA:88,0
DA:89,0
DA:90,0
DA:91,0
DA:92,0
DA:93,0
DA:94,0
DA:95,0
DA:96,0
DA:97,0
DA:98,0
DA:99,0
DA:100,0
DA:101,0
DA:102,0
DA:103,0
DA:104,0
DA:105,0
DA:106,0
DA:108,0
DA:109,0
DA:110,0
DA:112,0
DA:113,0
DA:114,0
DA:117,0
DA:119,0
DA:120,0
DA:123,0
DA:125,0
DA:126,0
DA:127,0
DA:128,0
DA:129,0
DA:130,0
DA:131,0
DA:132,0
DA:133,0
DA:134,0
DA:135,0
DA:137,0
DA:138,0
DA:139,0
DA:140,0
DA:141,0
DA:144,0
DA:145,0
DA:146,0
DA:147,0
DA:152,0
DA:153,0
DA:155,0
DA:156,0
DA:157,0
DA:158,0
DA:160,0
DA:165,0
DA:166,0
DA:167,0
DA:168,0
DA:169,0
DA:170,0
DA:175,0
DA:180,0
DA:181,0
DA:184,0
DA:185,0
DA:186,0
DA:188,0
DA:189,0
DA:190,0
DA:191,0
DA:192,0
DA:193,0
DA:194,0
DA:195,0
DA:196,0
DA:197,0
DA:198,0
DA:199,0
DA:204,0
DA:205,0
DA:206,0
DA:208,0
DA:209,0
DA:210,0
DA:211,0
DA:218,0
DA:219,0
DA:220,0
DA:222,0
DA:223,0
DA:224,0
DA:226,0
DA:228,0
DA:230,0
DA:236,0
DA:239,0
DA:240,0
DA:243,0
DA:244,0
DA:245,0
DA:246,0
DA:247,0
DA:248,0
DA:249,0
DA:255,0
DA:256,0
DA:257,0
DA:258,0
DA:259,0
DA:260,0
DA:263,0
DA:264,0
DA:265,0
DA:266,0
DA:267,0
DA:268,0
DA:270,0
DA:275,0
DA:281,0
DA:282,0
DA:283,0
DA:284,0
DA:285,0
DA:286,0
DA:288,0
DA:290,0
DA:291,0
DA:292,0
DA:293,0
DA:294,0
DA:295,0
DA:296,0
DA:300,0
DA:302,0
DA:311,0
DA:313,0
DA:314,0
DA:315,0
DA:318,0
DA:319,0
DA:324,0
DA:338,0
DA:339,0
DA:342,0
DA:343,0
DA:345,0
DA:346,0
DA:347,0
DA:348,0
DA:349,0
DA:350,0
DA:351,0
DA:352,0
DA:353,0
DA:357,0
DA:358,0
DA:359,0
DA:362,0
DA:369,0
DA:370,0
DA:377,0
DA:378,0
DA:382,0
DA:383,0
DA:384,0
DA:388,0
DA:389,0
DA:392,0
DA:393,0
DA:394,0
DA:398,0
DA:399,0
DA:401,0
DA:402,0
DA:406,0
DA:407,0
DA:410,0
DA:411,0
DA:414,0
DA:415,0
DA:417,0
DA:418,0
DA:419,0
DA:420,0
DA:424,0
DA:425,0
DA:426,0
DA:427,0
DA:428,0
DA:431,0
DA:434,0
DA:435,0
DA:436,0
DA:441,0
DA:443,0
DA:444,0
DA:445,0
DA:446,0
DA:448,0
DA:449,0
DA:452,0
DA:453,0
DA:455,0
DA:456,0
DA:460,0
DA:462,0
DA:463,0
DA:464,0
DA:468,0
DA:470,0
DA:472,0
DA:473,0
DA:476,0
DA:477,0
DA:479,0
DA:480,0
DA:485,0
DA:486,0
DA:489,0
DA:490,0
LF:231
LH:0
end_of_record
SF:lib/ui/page/dashboard/dashboard.dart
DA:17,2
DA:61,1
DA:62,1
DA:67,1
DA:69,3
DA:70,1
DA:76,1
DA:79,1
DA:81,1
DA:82,1
DA:84,2
DA:85,1
DA:90,1
DA:92,1
DA:95,1
DA:97,1
DA:98,1
DA:100,1
DA:101,1
DA:102,2
DA:104,1
DA:116,1
DA:117,1
DA:118,1
DA:124,0
DA:125,0
DA:127,1
DA:128,1
DA:129,1
DA:132,0
DA:133,0
DA:134,0
DA:138,1
DA:139,1
DA:140,1
DA:144,1
DA:146,1
DA:147,1
DA:149,1
DA:150,1
DA:151,1
DA:152,1
DA:153,2
DA:155,1
DA:156,1
DA:157,1
DA:158,1
DA:165,1
DA:166,1
DA:167,1
DA:170,0
DA:171,0
DA:174,1
DA:175,1
LF:54
LH:47
end_of_record
SF:lib/ui/page/account/models/company_model.dart
DA:7,0
DA:11,0
DA:34,0
LF:3
LH:0
end_of_record
SF:lib/ui/widget/time_picker.dart
DA:8,0
DA:11,0
DA:15,0
DA:16,0
DA:30,0
DA:31,0
DA:32,0
DA:36,0
DA:37,0
DA:40,0
DA:41,0
DA:45,0
DA:46,0
DA:47,0
DA:52,0
DA:54,0
DA:55,0
DA:56,0
DA:57,0
DA:58,0
DA:61,0
DA:62,0
DA:63,0
DA:66,0
DA:67,0
DA:73,0
DA:74,0
DA:75,0
DA:76,0
DA:77,0
DA:80,0
DA:81,0
DA:82,0
DA:85,0
DA:86,0
DA:92,0
DA:93,0
DA:94,0
DA:95,0
DA:96,0
DA:100,0
DA:101,0
DA:102,0
DA:105,0
DA:107,0
DA:113,0
DA:116,0
DA:117,0
DA:119,0
DA:120,0
DA:121,0
DA:123,0
DA:124,0
DA:125,0
DA:126,0
DA:127,0
DA:143,0
DA:145,0
DA:146,0
DA:147,0
DA:148,0
DA:149,0
DA:150,0
DA:151,0
DA:152,0
DA:158,0
DA:160,0
DA:164,0
DA:165,0
DA:166,0
DA:175,0
DA:198,0
DA:201,0
DA:202,0
DA:205,0
DA:206,0
DA:210,0
DA:214,0
DA:215,0
DA:228,0
DA:236,0
DA:244,0
DA:246,0
DA:247,0
DA:248,0
DA:249,0
DA:250,0
DA:258,0
DA:260,0
DA:261,0
DA:262,0
DA:264,0
DA:265,0
DA:268,0
DA:269,0
LF:95
LH:0
end_of_record
SF:lib/ui/widget/appbar/app_bar_page_header.dart
DA:16,4
DA:27,4
DA:29,4
DA:31,4
DA:38,4
DA:40,4
DA:42,4
DA:45,8
DA:46,4
DA:47,0
DA:48,0
DA:49,0
DA:52,4
DA:53,4
DA:56,4
DA:57,7
DA:58,4
DA:64,4
DA:65,4
DA:70,4
DA:73,4
DA:76,4
DA:78,4
DA:80,8
DA:81,4
DA:96,4
DA:97,4
DA:99,4
DA:100,4
DA:102,4
DA:107,4
DA:109,4
DA:110,4
DA:111,4
DA:113,8
DA:114,4
DA:115,4
DA:116,4
DA:117,4
DA:118,8
DA:123,4
DA:124,4
DA:125,4
DA:126,4
DA:128,8
LF:45
LH:42
end_of_record
SF:lib/ui/widget/side_menu/side_menu.dart
DA:17,13
DA:20,0
DA:21,0
DA:27,0
DA:30,0
DA:31,0
DA:35,0
DA:37,0
DA:39,0
DA:40,0
DA:44,0
DA:47,0
DA:51,0
DA:52,0
DA:53,0
DA:55,0
DA:56,0
DA:57,0
DA:58,0
DA:63,0
DA:65,0
DA:67,0
DA:68,0
DA:77,0
DA:78,0
DA:79,0
DA:81,0
DA:82,0
DA:83,0
DA:84,0
DA:88,0
DA:89,0
DA:90,0
DA:93,0
DA:96,0
DA:97,0
DA:98,0
DA:99,0
DA:102,0
DA:105,0
DA:106,0
DA:109,0
DA:112,0
DA:113,0
DA:116,0
DA:119,0
DA:120,0
DA:123,0
DA:126,0
DA:127,0
DA:130,0
DA:133,0
DA:134,0
DA:135,0
DA:138,0
DA:141,0
DA:142,0
DA:143,0
DA:153,0
DA:154,0
DA:156,0
DA:157,0
DA:158,0
DA:162,0
DA:163,0
DA:164,0
DA:172,0
DA:173,0
DA:174,0
DA:175,0
DA:177,0
DA:194,0
LF:72
LH:1
end_of_record
SF:lib/ui/page/company/item_tags.dart
DA:14,13
DA:24,0
DA:53,0
DA:136,0
DA:137,0
DA:146,0
DA:148,0
DA:150,0
DA:151,0
DA:152,0
DA:154,0
DA:157,0
DA:158,0
DA:159,0
DA:160,0
DA:165,0
DA:167,0
DA:168,0
DA:169,0
DA:170,0
DA:171,0
DA:172,0
DA:173,0
DA:174,0
DA:176,0
DA:177,0
DA:178,0
DA:179,0
DA:180,0
DA:184,0
DA:185,0
DA:186,0
DA:187,0
DA:193,0
DA:195,0
DA:196,0
DA:199,0
DA:201,0
DA:203,0
DA:204,0
DA:207,0
DA:209,0
DA:211,0
DA:213,0
DA:215,0
DA:217,0
DA:220,0
DA:221,0
DA:223,0
DA:225,0
DA:227,0
DA:229,0
DA:230,0
DA:231,0
DA:232,0
DA:233,0
DA:234,0
DA:235,0
DA:236,0
DA:237,0
DA:238,0
DA:239,0
DA:240,0
DA:241,0
DA:242,0
DA:244,0
DA:247,0
DA:248,0
DA:249,0
DA:250,0
DA:251,0
DA:252,0
DA:256,0
DA:257,0
DA:258,0
DA:259,0
DA:260,0
DA:261,0
DA:267,0
DA:268,0
DA:269,0
DA:270,0
DA:272,0
DA:273,0
DA:275,0
DA:276,0
DA:277,0
DA:278,0
DA:280,0
DA:281,0
DA:282,0
DA:283,0
DA:284,0
DA:286,0
DA:289,0
DA:290,0
DA:291,0
DA:292,0
DA:296,0
DA:297,0
DA:298,0
DA:299,0
DA:300,0
DA:302,0
DA:305,0
DA:306,0
DA:308,0
DA:310,0
DA:315,0
DA:317,0
DA:318,0
DA:319,0
DA:321,0
DA:322,0
DA:324,0
DA:325,0
DA:327,0
DA:328,0
DA:330,0
DA:331,0
DA:332,0
DA:333,0
DA:334,0
DA:335,0
DA:338,0
DA:339,0
DA:340,0
DA:341,0
DA:342,0
DA:344,0
DA:347,0
DA:348,0
DA:350,0
DA:351,0
DA:352,0
DA:353,0
DA:354,0
DA:357,0
DA:358,0
DA:359,0
DA:362,0
DA:366,0
DA:367,0
DA:370,0
DA:371,0
DA:372,0
DA:377,0
DA:379,0
DA:382,0
DA:383,0
DA:384,0
DA:385,0
DA:386,0
DA:387,0
DA:388,0
DA:389,0
DA:390,0
DA:392,0
DA:393,0
DA:395,0
DA:396,0
DA:398,0
DA:399,0
DA:400,0
DA:403,0
DA:404,0
DA:405,0
DA:406,0
DA:417,0
DA:418,0
DA:419,0
DA:420,0
DA:422,0
DA:424,0
DA:425,0
DA:426,0
DA:432,0
DA:433,0
DA:434,0
DA:439,0
DA:440,0
DA:441,0
DA:442,0
DA:443,0
DA:444,0
DA:450,0
DA:456,0
DA:458,0
DA:464,0
DA:474,0
DA:482,0
LF:191
LH:1
end_of_record
SF:lib/ui/page/customer/add_customer.dart
DA:20,26
DA:23,0
DA:24,0
DA:104,0
DA:106,0
DA:107,0
DA:108,0
DA:109,0
DA:110,0
DA:111,0
DA:112,0
DA:114,0
DA:115,0
DA:116,0
DA:119,0
DA:121,0
DA:122,0
DA:123,0
DA:124,0
DA:125,0
DA:128,0
DA:130,0
DA:131,0
DA:132,0
DA:133,0
DA:134,0
DA:136,0
DA:138,0
DA:139,0
DA:145,0
DA:146,0
DA:148,0
DA:149,0
DA:150,0
DA:151,0
DA:152,0
DA:153,0
DA:156,0
DA:158,0
DA:159,0
DA:160,0
DA:161,0
DA:164,0
DA:165,0
DA:166,0
DA:167,0
DA:169,0
DA:171,0
DA:172,0
DA:173,0
DA:174,0
DA:176,0
DA:177,0
DA:178,0
DA:180,0
DA:187,0
DA:189,0
DA:190,0
DA:191,0
DA:192,0
DA:193,0
DA:194,0
DA:197,0
DA:198,0
DA:199,0
DA:200,0
DA:201,0
DA:202,0
DA:203,0
DA:204,0
DA:206,0
DA:208,0
DA:209,0
DA:210,0
DA:211,0
DA:212,0
DA:219,0
DA:220,0
DA:222,0
DA:223,0
DA:224,0
DA:227,0
DA:232,0
DA:233,0
DA:235,0
DA:237,0
DA:238,0
DA:244,0
DA:245,0
DA:247,0
DA:251,0
DA:252,0
DA:253,0
DA:254,0
DA:259,0
DA:263,0
DA:264,0
DA:270,0
DA:272,0
DA:273,0
DA:291,0
DA:292,0
DA:293,0
DA:295,0
DA:296,0
DA:297,0
DA:301,0
DA:302,0
DA:303,0
DA:304,0
DA:305,0
DA:307,0
DA:309,0
DA:310,0
DA:313,0
DA:315,0
DA:321,0
DA:322,0
DA:323,0
DA:324,0
DA:329,0
DA:330,0
DA:331,0
DA:333,0
DA:335,0
DA:337,0
DA:339,0
DA:341,0
DA:345,0
DA:347,0
DA:352,0
DA:353,0
DA:355,0
DA:356,0
DA:357,0
DA:358,0
DA:359,0
DA:360,0
DA:363,0
DA:364,0
DA:366,0
DA:367,0
DA:368,0
DA:371,0
DA:376,0
DA:377,0
DA:378,0
DA:379,0
DA:381,0
DA:382,0
DA:383,0
DA:384,0
DA:385,0
DA:388,0
DA:389,0
DA:394,0
DA:395,0
DA:396,0
DA:397,0
DA:399,0
DA:400,0
DA:404,0
DA:405,0
DA:406,0
DA:407,0
DA:414,0
DA:415,0
DA:416,0
DA:418,0
DA:421,0
DA:422,0
DA:423,0
DA:425,0
DA:426,0
DA:427,0
DA:428,0
DA:429,0
DA:437,0
DA:438,0
DA:439,0
DA:440,0
DA:441,0
DA:442,0
DA:443,0
DA:444,0
DA:445,0
DA:446,0
DA:453,0
DA:454,0
DA:455,0
DA:456,0
DA:458,0
DA:460,0
DA:461,0
DA:465,0
DA:466,0
DA:467,0
DA:468,0
DA:469,0
DA:470,0
DA:471,0
DA:472,0
DA:473,0
DA:477,0
DA:478,0
DA:480,0
DA:482,0
DA:483,0
DA:485,0
DA:490,0
DA:492,0
DA:493,0
DA:494,0
DA:495,0
DA:504,0
DA:506,0
DA:507,0
DA:508,0
DA:509,0
DA:510,0
DA:511,0
DA:512,0
DA:513,0
DA:514,0
DA:515,0
DA:517,0
DA:520,0
DA:521,0
DA:522,0
DA:523,0
DA:524,0
DA:525,0
DA:527,0
DA:528,0
DA:529,0
DA:533,0
DA:534,0
DA:535,0
DA:536,0
DA:537,0
DA:538,0
DA:539,0
DA:540,0
DA:541,0
DA:542,0
DA:545,0
DA:546,0
DA:547,0
DA:550,0
DA:551,0
DA:552,0
DA:554,0
DA:556,0
DA:559,0
DA:562,0
DA:563,0
DA:572,0
DA:577,0
DA:579,0
DA:581,0
DA:582,0
DA:583,0
DA:586,0
DA:588,0
DA:590,0
DA:594,0
LF:266
LH:1
end_of_record
SF:lib/ui/page/customer/customer.dart
DA:13,13
DA:15,0
DA:17,0
DA:18,0
DA:19,0
DA:23,0
DA:24,0
DA:25,0
DA:28,0
DA:29,0
DA:31,0
DA:33,0
DA:34,0
DA:35,0
DA:36,0
DA:37,0
DA:39,0
DA:40,0
DA:41,0
DA:45,0
DA:51,0
DA:52,0
DA:53,0
DA:54,0
DA:61,0
DA:65,0
DA:68,0
DA:70,0
DA:71,0
DA:73,0
DA:75,0
DA:77,0
DA:79,0
DA:82,0
DA:83,0
DA:85,0
DA:87,0
DA:88,0
DA:89,0
DA:90,0
DA:91,0
DA:93,0
DA:95,0
DA:97,0
DA:99,0
DA:103,0
DA:106,0
DA:107,0
DA:109,0
DA:111,0
DA:112,0
DA:113,0
DA:115,0
DA:125,0
DA:126,0
DA:128,0
DA:129,0
DA:130,0
DA:131,0
DA:132,0
DA:134,0
DA:135,0
DA:143,0
DA:152,0
DA:153,0
DA:154,0
LF:66
LH:1
end_of_record
SF:lib/ui/page/customer/customer_site.dart
DA:24,0
DA:26,0
DA:28,0
DA:30,0
DA:33,13
DA:57,0
DA:59,0
DA:60,0
DA:61,0
DA:62,0
DA:63,0
DA:64,0
DA:65,0
DA:66,0
DA:67,0
DA:70,0
DA:71,0
DA:72,0
DA:76,0
DA:78,0
DA:79,0
DA:80,0
DA:83,0
DA:84,0
DA:85,0
DA:86,0
DA:87,0
DA:90,0
DA:92,0
DA:93,0
DA:94,0
DA:95,0
DA:99,0
DA:100,0
DA:101,0
DA:103,0
DA:106,0
DA:109,0
DA:110,0
DA:112,0
DA:117,0
DA:118,0
DA:119,0
DA:121,0
DA:122,0
DA:123,0
DA:124,0
DA:125,0
DA:126,0
DA:132,0
DA:133,0
DA:134,0
DA:137,0
DA:138,0
DA:139,0
DA:140,0
DA:142,0
DA:144,0
DA:146,0
DA:147,0
DA:148,0
DA:149,0
DA:150,0
DA:152,0
DA:153,0
DA:155,0
DA:158,0
DA:159,0
DA:161,0
DA:162,0
DA:164,0
DA:166,0
DA:168,0
DA:169,0
DA:178,0
DA:179,0
DA:182,0
DA:183,0
DA:186,0
DA:190,0
DA:191,0
DA:192,0
DA:193,0
DA:199,0
DA:202,0
DA:203,0
DA:204,0
DA:205,0
DA:206,0
DA:207,0
DA:210,0
DA:211,0
DA:212,0
DA:214,0
DA:215,0
DA:218,0
DA:222,0
DA:223,0
DA:226,0
DA:234,0
DA:240,0
DA:241,0
DA:243,0
DA:244,0
DA:246,0
DA:248,0
DA:251,0
DA:252,0
DA:254,0
DA:257,0
DA:258,0
DA:260,0
DA:261,0
DA:263,0
DA:264,0
DA:265,0
DA:267,0
DA:268,0
DA:270,0
DA:271,0
DA:272,0
DA:273,0
DA:276,0
DA:281,0
DA:287,0
DA:296,0
DA:297,0
DA:298,0
DA:300,0
DA:303,0
DA:304,0
DA:305,0
DA:306,0
DA:308,0
DA:311,0
DA:312,0
DA:314,0
DA:317,0
DA:318,0
DA:319,0
DA:322,0
DA:324,0
DA:326,0
DA:333,0
DA:342,0
DA:343,0
DA:345,0
DA:346,0
DA:348,0
DA:351,0
DA:353,0
DA:354,0
DA:356,0
DA:357,0
DA:359,0
DA:361,0
DA:365,0
DA:366,0
DA:368,0
DA:370,0
DA:376,0
DA:379,0
DA:380,0
DA:381,0
DA:382,0
DA:383,0
DA:384,0
DA:387,0
DA:389,0
DA:390,0
DA:391,0
DA:393,0
DA:395,0
DA:396,0
DA:407,0
DA:408,0
DA:410,0
DA:412,0
DA:416,0
DA:418,0
DA:420,0
DA:422,0
DA:425,0
DA:429,0
DA:430,0
DA:431,0
DA:433,0
DA:434,0
DA:435,0
DA:436,0
DA:443,0
DA:447,0
DA:448,0
DA:449,0
DA:450,0
DA:451,0
DA:453,0
DA:454,0
DA:455,0
DA:456,0
DA:457,0
DA:458,0
DA:459,0
DA:460,0
DA:464,0
DA:465,0
DA:468,0
DA:469,0
DA:473,0
DA:475,0
DA:476,0
DA:478,0
DA:480,0
DA:481,0
DA:487,0
DA:488,0
DA:490,0
DA:491,0
DA:493,0
DA:494,0
DA:495,0
DA:496,0
DA:497,0
DA:501,0
DA:510,0
DA:514,0
DA:519,0
DA:520,0
DA:522,0
DA:523,0
DA:526,0
DA:527,0
DA:529,0
DA:530,0
DA:532,0
DA:535,0
DA:536,0
DA:538,0
DA:544,0
DA:546,0
DA:548,0
DA:550,0
DA:551,0
DA:552,0
DA:555,0
DA:556,0
DA:557,0
DA:560,0
DA:562,0
DA:564,0
DA:568,0
DA:569,0
DA:571,0
DA:573,0
DA:575,0
DA:578,0
DA:579,0
DA:580,0
DA:581,0
DA:582,0
DA:583,0
DA:593,0
DA:594,0
DA:595,0
DA:596,0
DA:598,0
DA:600,0
DA:601,0
DA:602,0
DA:603,0
DA:606,0
DA:607,0
DA:608,0
DA:609,0
DA:610,0
DA:611,0
DA:614,0
DA:615,0
DA:618,0
DA:620,0
DA:621,0
DA:623,0
DA:625,0
DA:626,0
DA:628,0
DA:629,0
DA:631,0
DA:632,0
DA:633,0
DA:634,0
DA:635,0
DA:637,0
DA:644,0
DA:645,0
DA:646,0
DA:647,0
DA:650,0
DA:651,0
DA:653,0
DA:654,0
DA:661,0
DA:662,0
DA:666,0
DA:667,0
DA:668,0
DA:670,0
DA:683,0
DA:684,0
DA:686,0
DA:688,0
DA:689,0
DA:691,0
DA:695,0
DA:697,0
DA:699,0
DA:700,0
DA:701,0
DA:704,0
DA:706,0
DA:708,0
DA:714,0
DA:715,0
DA:722,0
DA:723,0
DA:724,0
DA:725,0
DA:726,0
DA:727,0
DA:728,0
DA:729,0
DA:731,0
DA:733,0
DA:734,0
DA:736,0
DA:737,0
DA:738,0
DA:740,0
DA:742,0
DA:743,0
DA:744,0
DA:745,0
DA:748,0
DA:749,0
DA:750,0
DA:752,0
DA:753,0
DA:754,0
DA:755,0
DA:757,0
DA:759,0
DA:760,0
DA:761,0
DA:762,0
DA:764,0
DA:766,0
DA:770,0
DA:771,0
DA:772,0
DA:773,0
DA:774,0
LF:360
LH:1
end_of_record
SF:lib/ui/page/job/views/widget/contact_card.dart
DA:17,0
DA:25,0
DA:27,0
DA:28,0
DA:29,0
DA:30,0
DA:31,0
DA:33,0
DA:36,0
DA:38,0
DA:39,0
DA:40,0
DA:41,0
DA:43,0
DA:45,0
DA:46,0
DA:49,0
DA:51,0
DA:52,0
DA:54,0
DA:55,0
DA:57,0
DA:59,0
DA:61,0
DA:65,0
DA:66,0
DA:71,0
DA:72,0
DA:75,0
DA:76,0
DA:77,0
DA:88,0
DA:90,0
DA:93,0
DA:96,0
DA:97,0
DA:100,0
DA:101,0
DA:104,0
DA:105,0
DA:107,0
DA:108,0
DA:128,0
DA:134,0
DA:136,0
DA:138,0
DA:139,0
DA:140,0
DA:141,0
DA:142,0
DA:144,0
DA:146,0
DA:147,0
DA:148,0
DA:149,0
DA:151,0
LF:56
LH:0
end_of_record
SF:lib/ui/widget/buttons/top_left_button.dart
DA:9,0
DA:11,0
DA:13,0
DA:14,0
DA:16,0
DA:17,0
DA:18,0
DA:20,0
DA:21,0
DA:22,0
DA:24,0
LF:11
LH:0
end_of_record
SF:lib/ui/page/customer/customers.dart
DA:17,27
DA:20,1
DA:22,1
DA:23,1
DA:24,3
DA:25,1
DA:28,1
DA:29,1
DA:31,0
DA:32,0
DA:39,1
DA:40,1
DA:41,2
DA:44,3
DA:45,0
DA:46,0
DA:47,0
DA:49,0
DA:50,0
DA:51,0
DA:52,0
DA:53,0
DA:55,0
DA:59,0
DA:60,0
DA:61,0
DA:62,0
DA:63,0
DA:64,0
DA:68,0
DA:69,0
DA:73,0
DA:74,0
DA:76,0
DA:81,0
DA:82,0
DA:85,0
DA:86,0
DA:89,0
DA:92,0
DA:93,0
DA:94,0
DA:95,0
DA:96,0
DA:97,0
DA:98,0
DA:101,0
DA:104,0
DA:105,0
LF:49
LH:12
end_of_record
SF:lib/ui/page/demo/demo.dart
DA:15,13
DA:17,0
DA:19,0
DA:21,0
DA:22,0
DA:23,0
DA:24,0
DA:25,0
DA:26,0
DA:27,0
DA:28,0
DA:29,0
DA:30,0
DA:31,0
DA:32,0
DA:33,0
DA:34,0
DA:41,0
DA:42,0
DA:43,0
DA:45,0
DA:46,0
DA:47,0
DA:53,0
DA:57,0
DA:59,0
DA:63,0
DA:64,0
DA:70,0
DA:76,0
DA:88,0
DA:89,0
DA:91,0
DA:94,0
DA:98,0
DA:100,0
DA:102,0
DA:105,0
DA:106,0
DA:107,0
DA:108,0
DA:109,0
DA:110,0
DA:111,0
DA:117,0
DA:120,0
DA:121,0
DA:122,0
DA:123,0
DA:124,0
DA:125,0
DA:131,0
DA:134,0
DA:135,0
DA:136,0
DA:137,0
DA:139,0
DA:140,0
DA:146,0
DA:147,0
DA:148,0
DA:163,0
DA:164,0
DA:166,0
DA:196,0
DA:197,0
DA:204,0
DA:205,0
DA:207,0
DA:209,0
DA:210,0
DA:211,0
DA:212,0
DA:213,0
DA:217,0
DA:225,0
DA:226,0
DA:228,0
DA:232,0
DA:266,0
DA:268,0
DA:269,0
DA:270,0
DA:271,0
DA:274,0
DA:276,0
DA:277,0
DA:285,0
DA:286,0
DA:288,0
DA:290,0
DA:296,0
DA:305,0
DA:307,0
DA:328,0
DA:329,0
DA:333,0
DA:335,0
DA:338,0
DA:339,0
DA:340,0
DA:341,0
DA:347,0
DA:348,0
DA:350,0
DA:351,0
DA:352,0
DA:354,0
DA:355,0
DA:356,0
DA:357,0
DA:367,0
DA:372,0
DA:374,0
DA:375,0
DA:376,0
DA:378,0
DA:379,0
DA:381,0
DA:382,0
DA:389,0
DA:393,0
DA:401,0
DA:402,0
DA:404,0
DA:405,0
DA:413,0
DA:415,0
DA:416,0
LF:129
LH:1
end_of_record
SF:lib/ui/page/dashboard/app_card_chart_pie.dart
DA:10,1
DA:12,1
DA:18,1
DA:20,1
DA:28,1
DA:29,1
DA:30,1
DA:36,1
DA:39,1
DA:40,1
DA:41,1
DA:43,1
DA:44,2
DA:46,1
DA:47,2
DA:48,1
DA:50,1
DA:51,1
DA:53,1
DA:57,1
DA:59,1
DA:60,1
DA:70,1
DA:71,1
DA:73,1
DA:75,0
LF:26
LH:25
end_of_record
SF:lib/ui/page/dashboard/chart.dart
DA:8,2
DA:12,1
DA:14,1
DA:16,1
DA:17,1
DA:18,1
DA:19,1
DA:23,3
DA:24,1
DA:25,1
DA:26,1
DA:30,1
LF:12
LH:12
end_of_record
SF:lib/ui/page/dashboard/chart_list_item.dart
DA:8,1
LF:1
LH:1
end_of_record
SF:lib/ui/page/job/add_job.dart
DA:20,13
DA:24,0
DA:37,0
DA:39,0
DA:41,0
DA:45,0
DA:46,0
DA:50,0
DA:52,0
DA:56,0
DA:58,0
DA:60,0
DA:67,0
DA:68,0
DA:69,0
DA:70,0
DA:71,0
DA:73,0
DA:74,0
DA:75,0
DA:76,0
DA:78,0
DA:79,0
DA:85,0
DA:87,0
DA:88,0
DA:90,0
DA:92,0
DA:95,0
DA:96,0
DA:107,0
DA:108,0
DA:109,0
DA:111,0
DA:112,0
DA:114,0
DA:125,0
DA:126,0
DA:129,0
DA:132,0
DA:133,0
DA:134,0
DA:138,0
DA:139,0
DA:140,0
DA:142,0
DA:143,0
DA:144,0
DA:145,0
DA:147,0
DA:148,0
DA:149,0
DA:150,0
DA:153,0
DA:154,0
DA:156,0
DA:158,0
DA:162,0
DA:164,0
DA:165,0
DA:167,0
DA:169,0
DA:177,0
DA:180,0
DA:181,0
DA:183,0
DA:184,0
DA:186,0
DA:188,0
DA:190,0
DA:191,0
DA:193,0
DA:194,0
DA:202,0
DA:203,0
DA:204,0
DA:205,0
DA:207,0
DA:208,0
DA:209,0
DA:210,0
DA:220,0
DA:222,0
DA:224,0
DA:230,0
DA:231,0
DA:233,0
DA:244,0
DA:245,0
DA:246,0
DA:247,0
DA:249,0
DA:250,0
DA:251,0
DA:253,0
DA:255,0
DA:262,0
DA:263,0
DA:266,0
DA:267,0
DA:269,0
DA:271,0
DA:272,0
DA:276,0
DA:283,0
DA:284,0
DA:286,0
DA:287,0
DA:289,0
DA:294,0
DA:295,0
DA:298,0
DA:300,0
DA:301,0
DA:311,0
DA:312,0
DA:314,0
DA:324,0
DA:328,0
DA:329,0
DA:330,0
DA:334,0
DA:335,0
DA:352,0
DA:353,0
DA:354,0
DA:355,0
DA:356,0
DA:357,0
DA:359,0
DA:361,0
DA:363,0
DA:366,0
LF:133
LH:1
end_of_record
SF:lib/ui/page/job/jobs.dart
DA:22,14
DA:24,1
DA:25,1
DA:88,1
DA:90,2
DA:91,2
DA:93,1
DA:96,0
DA:97,0
DA:98,0
DA:99,0
DA:100,0
DA:101,0
DA:102,0
DA:103,0
DA:104,0
DA:105,0
DA:106,0
DA:110,0
DA:111,0
DA:117,0
DA:118,0
DA:119,0
DA:120,0
DA:121,0
DA:122,0
DA:125,0
DA:130,0
DA:131,0
DA:132,0
DA:133,0
DA:138,0
DA:139,0
DA:140,0
DA:145,0
DA:146,0
DA:147,0
DA:148,0
DA:149,0
DA:150,0
DA:151,0
DA:155,0
DA:156,0
DA:157,0
DA:158,0
DA:160,0
DA:161,0
DA:162,0
DA:164,0
DA:165,0
DA:169,0
DA:170,0
DA:171,0
DA:172,0
DA:174,0
DA:175,0
DA:176,0
DA:177,0
DA:181,0
DA:182,0
DA:183,0
DA:184,0
DA:186,0
DA:187,0
DA:189,0
DA:190,0
DA:194,0
DA:195,0
DA:196,0
DA:197,0
DA:200,0
DA:201,0
DA:202,0
DA:204,0
DA:205,0
DA:209,0
DA:210,0
DA:211,0
DA:212,0
DA:215,0
DA:216,0
DA:220,0
DA:221,0
DA:222,0
DA:223,0
DA:226,0
DA:228,0
DA:231,0
DA:236,0
DA:237,0
DA:238,0
DA:239,0
DA:240,0
DA:241,0
DA:242,0
DA:245,0
DA:246,0
DA:247,0
DA:248,0
DA:250,0
DA:251,0
DA:255,1
DA:257,1
DA:259,1
DA:260,1
DA:261,1
DA:263,1
DA:264,1
DA:266,1
DA:288,0
DA:289,0
DA:293,1
DA:294,1
DA:295,1
DA:298,1
DA:301,1
DA:303,0
DA:304,0
DA:305,0
DA:307,0
DA:312,1
DA:315,0
DA:316,0
DA:317,0
DA:318,0
DA:319,0
DA:320,0
DA:321,0
DA:324,0
DA:325,0
DA:326,0
DA:327,0
DA:329,0
DA:337,1
DA:339,1
DA:340,1
DA:356,1
DA:376,1
DA:377,1
DA:378,3
DA:379,0
DA:380,0
DA:382,0
DA:383,0
DA:384,0
DA:392,1
DA:393,0
DA:396,0
DA:397,0
DA:399,0
DA:405,1
DA:406,0
DA:407,0
DA:411,0
DA:412,0
DA:413,0
DA:414,0
DA:426,1
DA:427,1
DA:428,1
DA:429,1
DA:430,1
DA:431,0
DA:432,0
DA:434,1
DA:439,1
DA:441,1
DA:443,1
DA:445,1
DA:447,1
DA:449,1
DA:462,0
DA:463,0
DA:466,0
DA:468,0
DA:469,0
DA:470,0
DA:472,0
DA:475,0
DA:476,0
DA:478,0
DA:484,0
DA:485,0
DA:486,0
DA:488,0
DA:489,0
DA:491,0
DA:492,0
DA:493,0
DA:494,0
DA:496,0
DA:500,0
DA:502,0
DA:503,0
DA:504,0
DA:505,0
DA:506,0
DA:510,0
DA:511,0
DA:512,0
DA:513,0
DA:514,0
DA:515,0
DA:518,0
DA:522,0
DA:524,0
DA:525,0
DA:526,0
DA:527,0
LF:209
LH:42
end_of_record
SF:lib/ui/widget/calendar.dart
DA:8,0
DA:9,0
DA:10,0
DA:13,0
DA:21,0
DA:29,0
DA:30,0
DA:45,0
DA:47,0
DA:48,0
DA:49,0
DA:50,0
DA:53,0
DA:54,0
DA:56,0
DA:57,0
DA:58,0
DA:60,0
DA:63,0
DA:65,0
DA:66,0
DA:70,0
DA:71,0
DA:72,0
DA:73,0
DA:75,0
DA:76,0
DA:78,0
DA:79,0
DA:80,0
DA:81,0
DA:83,0
DA:86,0
DA:88,0
DA:89,0
DA:90,0
DA:91,0
DA:92,0
DA:93,0
DA:95,0
DA:96,0
DA:101,0
DA:102,0
DA:110,0
DA:111,0
DA:112,0
DA:113,0
DA:114,0
DA:117,0
DA:118,0
DA:119,0
DA:120,0
DA:121,0
DA:122,0
DA:123,0
DA:124,0
DA:125,0
DA:126,0
DA:127,0
DA:128,0
DA:131,0
DA:132,0
DA:136,0
DA:139,0
DA:142,0
DA:149,0
DA:150,0
DA:159,0
DA:160,0
DA:161,0
DA:171,0
DA:173,0
DA:174,0
DA:178,0
DA:180,0
DA:182,0
DA:185,0
DA:186,0
DA:190,0
DA:201,0
DA:206,0
DA:208,0
DA:210,0
DA:212,0
DA:214,0
DA:217,0
DA:218,0
DA:220,0
DA:222,0
DA:224,0
DA:230,0
DA:232,0
DA:240,0
DA:241,0
LF:94
LH:0
end_of_record
SF:lib/ui/page/job/models/inventory_item.dart
DA:18,13
LF:1
LH:1
end_of_record
SF:lib/ui/page/job/views/widget/job_datatable.dart
DA:17,1
DA:23,1
DA:30,1
DA:31,1
DA:45,0
DA:46,0
DA:49,1
DA:51,1
DA:52,1
DA:53,1
DA:54,1
DA:55,1
DA:56,1
DA:58,1
DA:59,1
DA:60,1
DA:61,2
DA:62,1
DA:73,1
DA:74,1
DA:75,1
DA:76,1
DA:78,1
DA:80,1
DA:82,1
DA:83,1
DA:84,1
DA:85,1
DA:86,1
DA:87,1
DA:88,1
DA:96,1
DA:97,6
DA:100,1
DA:101,0
DA:102,0
DA:103,0
DA:104,0
DA:107,0
DA:109,1
DA:110,1
DA:113,1
DA:114,2
DA:126,2
DA:128,1
DA:141,1
DA:142,4
DA:144,3
DA:145,4
DA:146,2
DA:149,1
DA:150,0
DA:151,0
DA:152,0
DA:153,0
DA:155,1
DA:157,1
DA:159,1
DA:161,1
DA:162,1
DA:163,1
DA:166,1
DA:167,2
DA:175,1
DA:177,1
DA:179,1
DA:183,1
DA:184,3
DA:185,1
DA:188,1
DA:189,2
DA:191,2
DA:197,1
DA:200,1
DA:201,1
DA:202,1
DA:203,2
DA:207,1
DA:211,3
DA:215,1
DA:219,0
DA:220,0
DA:221,0
LF:83
LH:69
end_of_record
SF:lib/ui/page/job/views/widget/job_details_popup.dart
DA:14,0
DA:24,0
DA:26,0
DA:28,0
DA:29,0
DA:32,0
DA:33,0
DA:35,0
DA:36,0
DA:37,0
DA:38,0
DA:40,0
DA:45,0
DA:46,0
DA:47,0
DA:50,0
DA:51,0
DA:53,0
DA:54,0
DA:55,0
DA:56,0
DA:58,0
DA:60,0
DA:67,0
DA:69,0
DA:70,0
DA:71,0
DA:77,0
DA:79,0
DA:81,0
DA:82,0
DA:83,0
DA:84,0
DA:89,0
DA:98,0
DA:100,0
DA:101,0
DA:102,0
DA:107,0
DA:115,0
DA:132,0
DA:134,0
DA:137,0
DA:140,0
DA:143,0
DA:147,0
DA:150,0
DA:153,0
DA:154,0
DA:157,0
DA:158,0
DA:160,0
DA:161,0
DA:162,0
DA:163,0
DA:167,0
DA:168,0
DA:169,0
DA:170,0
DA:178,0
DA:181,0
DA:184,0
DA:185,0
DA:188,0
DA:189,0
DA:191,0
DA:193,0
DA:194,0
DA:195,0
DA:196,0
DA:199,0
DA:206,0
DA:214,0
DA:217,0
DA:225,0
DA:228,0
DA:236,0
DA:239,0
LF:78
LH:0
end_of_record
SF:lib/ui/page/job/views/jobs_home.dart
DA:19,0
DA:29,0
DA:31,0
DA:32,0
DA:33,0
DA:35,0
DA:36,0
DA:37,0
DA:38,0
DA:39,0
DA:40,0
DA:41,0
DA:56,0
DA:57,0
DA:58,0
DA:61,0
DA:65,0
DA:66,0
DA:67,0
DA:71,0
DA:75,0
DA:79,0
DA:81,0
DA:82,0
DA:87,0
DA:88,0
DA:89,0
DA:90,0
DA:91,0
DA:92,0
DA:95,0
DA:101,0
DA:102,0
DA:104,0
DA:105,0
DA:106,0
DA:107,0
DA:113,0
DA:114,0
DA:115,0
DA:116,0
DA:117,0
DA:119,0
DA:120,0
DA:122,0
DA:123,0
DA:124,0
DA:126,0
DA:130,0
DA:136,0
DA:138,0
DA:139,0
DA:141,0
DA:144,0
DA:147,0
DA:149,0
DA:152,0
DA:157,0
DA:159,0
DA:162,0
DA:166,0
DA:174,0
DA:175,0
DA:176,0
DA:182,0
DA:193,0
DA:195,0
DA:196,0
DA:197,0
DA:198,0
DA:202,0
DA:203,0
DA:205,0
DA:207,0
DA:208,0
DA:209,0
DA:211,0
DA:219,0
DA:220,0
DA:222,0
DA:223,0
DA:224,0
DA:225,0
DA:226,0
DA:228,0
DA:229,0
DA:233,0
DA:236,0
DA:237,0
DA:246,0
DA:249,0
DA:262,0
DA:263,0
DA:264,0
DA:266,0
DA:269,0
DA:270,0
DA:271,0
DA:275,0
DA:276,0
DA:277,0
DA:278,0
DA:279,0
DA:280,0
DA:281,0
DA:284,0
DA:285,0
DA:287,0
DA:288,0
DA:290,0
DA:292,0
DA:293,0
DA:294,0
DA:295,0
DA:297,0
DA:298,0
DA:299,0
DA:300,0
DA:301,0
DA:302,0
DA:305,0
DA:306,0
DA:315,0
DA:316,0
DA:323,0
DA:324,0
DA:327,0
DA:328,0
DA:329,0
DA:330,0
DA:333,0
DA:336,0
DA:337,0
DA:338,0
DA:344,0
DA:345,0
DA:346,0
DA:347,0
DA:348,0
DA:349,0
DA:350,0
DA:351,0
DA:352,0
DA:354,0
DA:355,0
LF:145
LH:0
end_of_record
SF:lib/ui/page/job/views/job_schedule.dart
DA:11,0
DA:15,0
DA:17,0
DA:18,0
DA:20,0
DA:22,0
DA:23,0
DA:24,0
DA:29,0
DA:32,0
DA:33,0
DA:34,0
DA:35,0
DA:36,0
DA:38,0
DA:39,0
DA:40,0
DA:41,0
DA:42,0
DA:43,0
DA:44,0
DA:47,0
DA:48,0
DA:49,0
DA:51,0
DA:54,0
DA:55,0
DA:56,0
DA:60,0
LF:29
LH:0
end_of_record
SF:lib/ui/page/job/views/widget/add_schedule_dialog.dart
DA:30,0
DA:35,0
DA:48,0
DA:50,0
DA:51,0
DA:55,0
DA:56,0
DA:57,0
DA:58,0
DA:60,0
DA:63,0
DA:64,0
DA:67,0
DA:68,0
DA:71,0
DA:72,0
DA:74,0
DA:75,0
DA:79,0
DA:80,0
DA:84,0
DA:86,0
DA:90,0
DA:96,0
DA:97,0
DA:98,0
DA:101,0
DA:105,0
DA:106,0
DA:107,0
DA:108,0
DA:109,0
DA:112,0
DA:113,0
DA:114,0
DA:116,0
DA:117,0
DA:118,0
DA:125,0
DA:126,0
DA:127,0
DA:128,0
DA:131,0
DA:132,0
DA:133,0
DA:135,0
DA:136,0
DA:137,0
DA:144,0
DA:146,0
DA:147,0
DA:149,0
DA:150,0
DA:152,0
DA:153,0
DA:163,0
DA:164,0
DA:165,0
DA:167,0
DA:168,0
DA:169,0
DA:172,0
DA:173,0
DA:174,0
DA:175,0
DA:176,0
DA:179,0
DA:180,0
DA:181,0
DA:182,0
DA:183,0
DA:184,0
DA:185,0
DA:186,0
DA:188,0
DA:189,0
DA:190,0
DA:194,0
DA:198,0
LF:79
LH:0
end_of_record
SF:lib/ui/page/job/views/widget/schedule_card.dart
DA:15,0
DA:18,0
DA:25,0
DA:27,0
DA:28,0
DA:29,0
DA:30,0
DA:32,0
DA:33,0
DA:34,0
DA:35,0
DA:36,0
DA:37,0
DA:38,0
DA:40,0
DA:42,0
DA:43,0
DA:45,0
DA:48,0
DA:50,0
DA:54,0
DA:56,0
DA:57,0
DA:65,0
DA:76,0
DA:78,0
DA:81,0
DA:83,0
DA:87,0
DA:88,0
DA:89,0
DA:92,0
DA:93,0
DA:94,0
DA:97,0
DA:98,0
DA:106,0
DA:108,0
DA:109,0
DA:110,0
DA:119,0
DA:125,0
DA:126,0
DA:129,0
DA:130,0
DA:131,0
DA:134,0
DA:137,0
DA:138,0
DA:141,0
DA:144,0
DA:145,0
DA:146,0
DA:156,0
DA:159,0
DA:160,0
DA:161,0
DA:162,0
DA:164,0
DA:171,0
DA:174,0
DA:179,0
DA:185,0
DA:186,0
DA:188,0
DA:189,0
DA:190,0
DA:203,0
DA:204,0
DA:207,0
DA:208,0
DA:209,0
DA:218,0
DA:219,0
DA:220,0
DA:221,0
DA:222,0
DA:223,0
DA:225,0
DA:229,0
DA:232,0
DA:233,0
DA:234,0
LF:83
LH:0
end_of_record
SF:lib/ui/page/settings/settings.dart
DA:12,13
DA:24,0
DA:26,0
DA:28,0
DA:30,0
DA:32,0
DA:34,0
DA:36,0
DA:38,0
DA:40,0
DA:45,0
DA:47,0
DA:49,0
DA:51,0
DA:53,0
DA:55,0
DA:57,0
DA:59,0
DA:61,0
DA:68,13
DA:70,0
DA:71,0
DA:77,0
DA:79,0
DA:82,0
DA:84,0
DA:87,0
DA:89,0
DA:90,0
DA:95,0
DA:96,0
DA:97,0
DA:98,0
DA:106,0
DA:110,0
DA:111,0
DA:112,0
DA:114,0
DA:115,0
DA:116,0
DA:118,0
DA:121,0
DA:124,0
DA:127,0
DA:130,0
DA:133,0
DA:136,0
DA:137,0
DA:138,0
DA:139,0
DA:141,0
DA:145,0
DA:148,0
DA:149,0
DA:151,0
DA:153,0
DA:154,0
DA:161,0
DA:162,0
DA:164,0
DA:166,0
DA:168,0
DA:170,0
DA:171,0
DA:172,0
LF:65
LH:2
end_of_record
SF:lib/ui/page/auth/auth_layout.dart
DA:5,6
DA:7,3
DA:9,3
DA:11,3
DA:16,3
DA:20,3
LF:6
LH:6
end_of_record
SF:lib/ui/page/auth/reset_password.dart
DA:14,5
DA:16,1
DA:17,1
DA:24,1
DA:29,1
DA:32,1
DA:34,2
DA:35,1
DA:38,1
DA:43,1
DA:45,1
DA:46,1
DA:47,1
DA:51,1
DA:52,1
DA:53,1
DA:54,1
DA:56,1
DA:64,1
DA:66,1
DA:71,1
DA:72,1
DA:76,1
DA:77,1
DA:80,1
DA:90,1
DA:92,0
DA:93,0
DA:94,0
DA:102,1
DA:109,1
DA:120,0
DA:121,0
DA:122,0
DA:123,0
DA:124,0
DA:125,0
DA:128,0
DA:129,0
LF:39
LH:28
end_of_record
SF:lib/ui/page/auth/accept_invite.dart
DA:20,5
DA:21,1
DA:22,1
DA:33,1
DA:35,1
DA:38,1
DA:40,2
DA:41,1
DA:44,1
DA:46,1
DA:48,1
DA:49,1
DA:50,1
DA:54,1
DA:55,1
DA:56,1
DA:57,1
DA:59,1
DA:74,1
DA:76,1
DA:81,1
DA:82,1
DA:85,1
DA:92,1
DA:93,1
DA:102,0
DA:103,0
DA:104,0
DA:107,0
DA:108,0
DA:109,0
DA:111,0
DA:116,1
DA:119,0
DA:120,0
DA:121,0
DA:130,1
DA:134,0
DA:141,0
DA:142,0
DA:144,0
DA:145,0
DA:149,0
DA:150,0
DA:153,0
DA:154,0
DA:157,0
DA:158,0
DA:161,0
DA:162,0
DA:163,0
DA:166,0
DA:168,0
DA:171,0
DA:172,0
DA:175,0
DA:176,0
DA:177,0
DA:180,0
DA:181,0
DA:182,0
DA:183,0
DA:184,0
DA:185,0
DA:186,0
DA:189,0
DA:190,0
DA:191,0
DA:194,0
DA:195,0
DA:196,0
DA:197,0
DA:198,0
DA:202,0
DA:205,0
DA:207,0
DA:208,0
DA:209,0
LF:78
LH:27
end_of_record
SF:lib/ui/page/auth/complete.dart
DA:20,0
DA:22,0
DA:23,0
DA:34,0
DA:36,0
DA:39,0
DA:41,0
DA:42,0
DA:43,0
DA:46,0
DA:51,0
DA:53,0
DA:55,0
DA:56,0
DA:57,0
DA:58,0
DA:64,0
DA:65,0
DA:69,0
DA:70,0
DA:74,0
DA:75,0
DA:79,0
DA:82,0
DA:83,0
DA:84,0
DA:85,0
DA:89,0
DA:91,0
DA:92,0
DA:93,0
DA:94,0
DA:99,0
DA:101,0
DA:112,0
DA:113,0
DA:114,0
DA:115,0
DA:116,0
DA:117,0
DA:118,0
DA:120,0
DA:121,0
DA:123,0
DA:124,0
DA:125,0
DA:126,0
DA:127,0
DA:128,0
LF:49
LH:0
end_of_record
SF:lib/ui/page/auth/login.dart
DA:19,1
DA:21,1
DA:22,1
DA:31,1
DA:33,2
DA:34,2
DA:35,1
DA:38,1
DA:40,2
DA:41,2
DA:42,1
DA:45,1
DA:47,1
DA:49,1
DA:50,1
DA:51,1
DA:53,1
DA:54,1
DA:55,1
DA:57,2
DA:66,1
DA:67,1
DA:69,1
DA:70,0
DA:77,1
DA:78,1
DA:80,1
DA:81,1
DA:82,1
DA:85,1
DA:88,1
DA:89,1
DA:92,1
DA:99,1
DA:102,1
DA:104,1
DA:105,1
DA:108,1
DA:118,1
DA:120,1
DA:121,1
DA:123,1
DA:124,0
DA:125,0
DA:128,1
DA:129,1
DA:130,1
DA:132,1
DA:155,1
DA:157,1
DA:160,1
DA:162,1
DA:169,0
DA:170,0
DA:171,0
DA:172,0
DA:173,0
DA:174,0
DA:175,0
DA:176,0
DA:178,0
DA:183,0
DA:184,0
DA:185,0
DA:189,0
DA:190,0
DA:193,0
LF:67
LH:49
end_of_record
SF:lib/ui/page/auth/signup.dart
DA:16,5
DA:18,1
DA:19,1
DA:26,1
DA:31,1
DA:34,1
DA:36,2
DA:37,1
DA:40,1
DA:42,1
DA:43,1
DA:44,1
DA:50,1
DA:52,1
DA:56,1
DA:58,1
DA:61,1
DA:62,1
DA:65,1
DA:74,1
DA:75,0
DA:76,0
DA:77,0
DA:81,1
DA:84,0
DA:95,0
DA:96,0
DA:97,0
DA:98,0
DA:99,0
DA:100,0
DA:101,0
DA:102,0
DA:103,0
DA:104,0
DA:106,0
LF:36
LH:21
end_of_record
SF:lib/ui/page/auth/verify.dart
DA:17,0
DA:18,0
DA:20,0
DA:21,0
DA:45,0
DA:47,0
DA:50,0
DA:52,0
DA:55,0
DA:57,0
DA:59,0
DA:60,0
DA:61,0
DA:65,0
DA:72,0
DA:73,0
DA:79,0
DA:80,0
DA:91,0
DA:92,0
DA:93,0
DA:96,0
DA:97,0
DA:98,0
DA:100,0
DA:105,0
DA:106,0
DA:109,0
DA:113,0
DA:118,0
DA:122,0
DA:129,0
DA:130,0
DA:133,0
DA:134,0
DA:137,0
DA:140,0
DA:143,0
LF:38
LH:0
end_of_record
